{"/home/travis/build/npmtest/node-npmtest-cloudcmd/test.js":{"path":"/home/travis/build/npmtest/node-npmtest-cloudcmd/test.js","s":{"1":2,"2":2,"3":2,"4":2,"5":2,"6":2,"7":2,"8":1,"9":2,"10":2,"11":1,"12":1,"13":1,"14":1,"15":2,"16":2,"17":2,"18":2,"19":1,"20":1,"21":2,"22":2,"23":2,"24":1,"25":1,"26":1,"27":1,"28":1,"29":1,"30":1,"31":1,"32":1,"33":1,"34":1,"35":1,"36":1,"37":1,"38":1,"39":2,"40":2,"41":1,"42":2,"43":2,"44":1,"45":2,"46":2,"47":1,"48":2,"49":2,"50":1,"51":1,"52":1,"53":1,"54":1},"b":{"1":[2,1,1,1],"2":[1,1,1,1],"3":[1,1],"4":[1,1],"5":[1,1],"6":[1,1],"7":[1,1],"8":[1,1],"9":[1,1],"10":[1,1,1],"11":[1,1],"12":[1,1],"13":[1,1],"14":[1,1],"15":[1,1],"16":[1,1],"17":[1,1]},"f":{"1":2,"2":2,"3":2,"4":2,"5":2,"6":1,"7":1,"8":1,"9":2,"10":2,"11":2,"12":2,"13":1},"fnMap":{"1":{"name":"(anonymous_1)","line":12,"loc":{"start":{"line":12,"column":1},"end":{"line":12,"column":13}}},"2":{"name":"(anonymous_2)","line":19,"loc":{"start":{"line":19,"column":5},"end":{"line":19,"column":17}}},"3":{"name":"(anonymous_3)","line":23,"loc":{"start":{"line":23,"column":24},"end":{"line":23,"column":36}}},"4":{"name":"(anonymous_4)","line":61,"loc":{"start":{"line":61,"column":5},"end":{"line":61,"column":17}}},"5":{"name":"(anonymous_5)","line":82,"loc":{"start":{"line":82,"column":5},"end":{"line":82,"column":17}}},"6":{"name":"(anonymous_6)","line":91,"loc":{"start":{"line":91,"column":77},"end":{"line":94,"column":10}}},"7":{"name":"(anonymous_7)","line":112,"loc":{"start":{"line":112,"column":83},"end":{"line":115,"column":10}},"skip":true},"8":{"name":"(anonymous_8)","line":123,"loc":{"start":{"line":123,"column":77},"end":{"line":126,"column":10}},"skip":true},"9":{"name":"(anonymous_9)","line":139,"loc":{"start":{"line":139,"column":12},"end":{"line":139,"column":40}},"skip":true},"10":{"name":"(anonymous_10)","line":147,"loc":{"start":{"line":147,"column":77},"end":{"line":150,"column":10}},"skip":true},"11":{"name":"(anonymous_11)","line":158,"loc":{"start":{"line":158,"column":83},"end":{"line":161,"column":10}},"skip":true},"12":{"name":"(anonymous_12)","line":169,"loc":{"start":{"line":169,"column":79},"end":{"line":172,"column":10}},"skip":true},"13":{"name":"(anonymous_13)","line":180,"loc":{"start":{"line":180,"column":75},"end":{"line":183,"column":10}},"skip":true}},"statementMap":{"1":{"start":{"line":12,"column":0},"end":{"line":195,"column":5}},"2":{"start":{"line":14,"column":4},"end":{"line":14,"column":14}},"3":{"start":{"line":19,"column":4},"end":{"line":56,"column":9}},"4":{"start":{"line":21,"column":8},"end":{"line":21,"column":19}},"5":{"start":{"line":23,"column":8},"end":{"line":35,"column":13}},"6":{"start":{"line":24,"column":12},"end":{"line":34,"column":13}},"7":{"start":{"line":25,"column":16},"end":{"line":28,"column":30}},"8":{"start":{"line":30,"column":16},"end":{"line":33,"column":27}},"9":{"start":{"line":37,"column":8},"end":{"line":39,"column":21}},"10":{"start":{"line":40,"column":8},"end":{"line":53,"column":9}},"11":{"start":{"line":43,"column":12},"end":{"line":46,"column":14}},"12":{"start":{"line":47,"column":12},"end":{"line":47,"column":18}},"13":{"start":{"line":50,"column":12},"end":{"line":51,"column":33}},"14":{"start":{"line":52,"column":12},"end":{"line":52,"column":18}},"15":{"start":{"line":55,"column":8},"end":{"line":55,"column":35}},"16":{"start":{"line":61,"column":4},"end":{"line":63,"column":9}},"17":{"start":{"line":62,"column":8},"end":{"line":62,"column":15}},"18":{"start":{"line":64,"column":4},"end":{"line":77,"column":5}},"19":{"start":{"line":70,"column":8},"end":{"line":70,"column":14}},"20":{"start":{"line":76,"column":8},"end":{"line":76,"column":14}},"21":{"start":{"line":82,"column":4},"end":{"line":84,"column":9}},"22":{"start":{"line":83,"column":8},"end":{"line":83,"column":15}},"23":{"start":{"line":85,"column":4},"end":{"line":194,"column":5}},"24":{"start":{"line":91,"column":8},"end":{"line":99,"column":10}},"25":{"start":{"line":98,"column":12},"end":{"line":98,"column":35}},"26":{"start":{"line":102,"column":8},"end":{"line":104,"column":63}},"27":{"start":{"line":105,"column":8},"end":{"line":105,"column":14}},"28":{"start":{"line":112,"column":8},"end":{"line":121,"column":10},"skip":true},"29":{"start":{"line":119,"column":12},"end":{"line":119,"column":55},"skip":true},"30":{"start":{"line":120,"column":12},"end":{"line":120,"column":48},"skip":true},"31":{"start":{"line":123,"column":8},"end":{"line":136,"column":10},"skip":true},"32":{"start":{"line":130,"column":12},"end":{"line":130,"column":76},"skip":true},"33":{"start":{"line":131,"column":12},"end":{"line":131,"column":73},"skip":true},"34":{"start":{"line":132,"column":12},"end":{"line":132,"column":74},"skip":true},"35":{"start":{"line":133,"column":12},"end":{"line":133,"column":79},"skip":true},"36":{"start":{"line":134,"column":12},"end":{"line":134,"column":25},"skip":true},"37":{"start":{"line":135,"column":12},"end":{"line":135,"column":45},"skip":true},"38":{"start":{"line":138,"column":8},"end":{"line":145,"column":14},"skip":true},"39":{"start":{"line":143,"column":16},"end":{"line":143,"column":29},"skip":true},"40":{"start":{"line":144,"column":16},"end":{"line":144,"column":55},"skip":true},"41":{"start":{"line":147,"column":8},"end":{"line":156,"column":10},"skip":true},"42":{"start":{"line":154,"column":12},"end":{"line":154,"column":25},"skip":true},"43":{"start":{"line":155,"column":12},"end":{"line":155,"column":45},"skip":true},"44":{"start":{"line":158,"column":8},"end":{"line":167,"column":10},"skip":true},"45":{"start":{"line":165,"column":12},"end":{"line":165,"column":25},"skip":true},"46":{"start":{"line":166,"column":12},"end":{"line":166,"column":48},"skip":true},"47":{"start":{"line":169,"column":8},"end":{"line":178,"column":10},"skip":true},"48":{"start":{"line":176,"column":12},"end":{"line":176,"column":25},"skip":true},"49":{"start":{"line":177,"column":12},"end":{"line":177,"column":46},"skip":true},"50":{"start":{"line":180,"column":8},"end":{"line":189,"column":10},"skip":true},"51":{"start":{"line":187,"column":12},"end":{"line":187,"column":94},"skip":true},"52":{"start":{"line":188,"column":12},"end":{"line":188,"column":48},"skip":true},"53":{"start":{"line":192,"column":8},"end":{"line":192,"column":35},"skip":true},"54":{"start":{"line":193,"column":8},"end":{"line":193,"column":14},"skip":true}},"branchMap":{"1":{"line":25,"type":"binary-expr","locations":[{"start":{"line":25,"column":23},"end":{"line":25,"column":62}},{"start":{"line":26,"column":20},"end":{"line":26,"column":70}},{"start":{"line":27,"column":20},"end":{"line":27,"column":71}},{"start":{"line":28,"column":20},"end":{"line":28,"column":29}}]},"2":{"line":30,"type":"binary-expr","locations":[{"start":{"line":30,"column":23},"end":{"line":30,"column":37}},{"start":{"line":31,"column":20},"end":{"line":31,"column":61}},{"start":{"line":32,"column":20},"end":{"line":32,"column":70}},{"start":{"line":33,"column":20},"end":{"line":33,"column":26}}]},"3":{"line":37,"type":"cond-expr","locations":[{"start":{"line":38,"column":14},"end":{"line":38,"column":20}},{"start":{"line":39,"column":14},"end":{"line":39,"column":20}}]},"4":{"line":40,"type":"switch","locations":[{"start":{"line":42,"column":8},"end":{"line":47,"column":18}},{"start":{"line":49,"column":8},"end":{"line":52,"column":18}}]},"5":{"line":44,"type":"binary-expr","locations":[{"start":{"line":44,"column":16},"end":{"line":44,"column":44}},{"start":{"line":44,"column":48},"end":{"line":44,"column":66}}]},"6":{"line":50,"type":"binary-expr","locations":[{"start":{"line":50,"column":21},"end":{"line":50,"column":49}},{"start":{"line":50,"column":53},"end":{"line":50,"column":72}}]},"7":{"line":64,"type":"switch","locations":[{"start":{"line":69,"column":4},"end":{"line":70,"column":14}},{"start":{"line":75,"column":4},"end":{"line":76,"column":14}}]},"8":{"line":85,"type":"switch","locations":[{"start":{"line":90,"column":4},"end":{"line":105,"column":14}},{"start":{"line":111,"column":4},"end":{"line":193,"column":14},"skip":true}]},"9":{"line":91,"type":"binary-expr","locations":[{"start":{"line":91,"column":42},"end":{"line":91,"column":73}},{"start":{"line":91,"column":77},"end":{"line":99,"column":9}}]},"10":{"line":102,"type":"binary-expr","locations":[{"start":{"line":102,"column":18},"end":{"line":102,"column":32}},{"start":{"line":103,"column":12},"end":{"line":103,"column":53}},{"start":{"line":104,"column":12},"end":{"line":104,"column":61}}]},"11":{"line":112,"type":"binary-expr","locations":[{"start":{"line":112,"column":45},"end":{"line":112,"column":79},"skip":true},{"start":{"line":112,"column":83},"end":{"line":121,"column":9},"skip":true}]},"12":{"line":123,"type":"binary-expr","locations":[{"start":{"line":123,"column":42},"end":{"line":123,"column":73},"skip":true},{"start":{"line":123,"column":77},"end":{"line":136,"column":9},"skip":true}]},"13":{"line":138,"type":"binary-expr","locations":[{"start":{"line":138,"column":48},"end":{"line":138,"column":85},"skip":true},{"start":{"line":139,"column":12},"end":{"line":145,"column":13},"skip":true}]},"14":{"line":147,"type":"binary-expr","locations":[{"start":{"line":147,"column":42},"end":{"line":147,"column":73},"skip":true},{"start":{"line":147,"column":77},"end":{"line":156,"column":9},"skip":true}]},"15":{"line":158,"type":"binary-expr","locations":[{"start":{"line":158,"column":45},"end":{"line":158,"column":79},"skip":true},{"start":{"line":158,"column":83},"end":{"line":167,"column":9},"skip":true}]},"16":{"line":169,"type":"binary-expr","locations":[{"start":{"line":169,"column":43},"end":{"line":169,"column":75},"skip":true},{"start":{"line":169,"column":79},"end":{"line":178,"column":9},"skip":true}]},"17":{"line":180,"type":"binary-expr","locations":[{"start":{"line":180,"column":41},"end":{"line":180,"column":71},"skip":true},{"start":{"line":180,"column":75},"end":{"line":189,"column":9},"skip":true}]}},"code":["/* istanbul instrument in package npmtest_cloudcmd */","/*jslint","    bitwise: true,","    browser: true,","    maxerr: 8,","    maxlen: 96,","    node: true,","    nomen: true,","    regexp: true,","    stupid: true","*/","(function () {","    'use strict';","    var local;","","","","    // run shared js-env code - pre-init","    (function () {","        // init local","        local = {};","        // init modeJs","        local.modeJs = (function () {","            try {","                return typeof navigator.userAgent === 'string' &&","                    typeof document.querySelector('body') === 'object' &&","                    typeof XMLHttpRequest.prototype.open === 'function' &&","                    'browser';","            } catch (errorCaughtBrowser) {","                return module.exports &&","                    typeof process.versions.node === 'string' &&","                    typeof require('http').createServer === 'function' &&","                    'node';","            }","        }());","        // init global","        local.global = local.modeJs === 'browser'","            ? window","            : global;","        switch (local.modeJs) {","        // re-init local from window.local","        case 'browser':","            local = local.global.utility2.objectSetDefault(","                local.global.utility2_rollup || local.global.local,","                local.global.utility2","            );","            break;","        // re-init local from example.js","        case 'node':","            local = (local.global.utility2_rollup || require('utility2'))","                .requireReadme();","            break;","        }","        // export local","        local.global.local = local;","    }());","","","","    // run shared js-env code - function","    (function () {","        return;","    }());","    switch (local.modeJs) {","","","","    // run browser js-env code - function","    case 'browser':","        break;","","","","    // run node js-env code - function","    case 'node':","        break;","    }","","","","    // run shared js-env code - post-init","    (function () {","        return;","    }());","    switch (local.modeJs) {","","","","    // run browser js-env code - post-init","    case 'browser':","        local.testCase_browser_nullCase = local.testCase_browser_nullCase || function (","            options,","            onError","        ) {","        /*","         * this function will test browsers's null-case handling-behavior-behavior","         */","            onError(null, options);","        };","","        // run tests","        local.nop(local.modeTest &&","            document.querySelector('#testRunButton1') &&","            document.querySelector('#testRunButton1').click());","        break;","","","","    // run node js-env code - post-init","    /* istanbul ignore next */","    case 'node':","        local.testCase_buildApidoc_default = local.testCase_buildApidoc_default || function (","            options,","            onError","        ) {","        /*","         * this function will test buildApidoc's default handling-behavior-behavior","         */","            options = { modulePathList: module.paths };","            local.buildApidoc(options, onError);","        };","","        local.testCase_buildApp_default = local.testCase_buildApp_default || function (","            options,","            onError","        ) {","        /*","         * this function will test buildApp's default handling-behavior-behavior","         */","            local.testCase_buildReadme_default(options, local.onErrorThrow);","            local.testCase_buildLib_default(options, local.onErrorThrow);","            local.testCase_buildTest_default(options, local.onErrorThrow);","            local.testCase_buildCustomOrg_default(options, local.onErrorThrow);","            options = [];","            local.buildApp(options, onError);","        };","","        local.testCase_buildCustomOrg_default = local.testCase_buildCustomOrg_default ||","            function (options, onError) {","            /*","             * this function will test buildCustomOrg's default handling-behavior","             */","                options = {};","                local.buildCustomOrg(options, onError);","            };","","        local.testCase_buildLib_default = local.testCase_buildLib_default || function (","            options,","            onError","        ) {","        /*","         * this function will test buildLib's default handling-behavior","         */","            options = {};","            local.buildLib(options, onError);","        };","","        local.testCase_buildReadme_default = local.testCase_buildReadme_default || function (","            options,","            onError","        ) {","        /*","         * this function will test buildReadme's default handling-behavior-behavior","         */","            options = {};","            local.buildReadme(options, onError);","        };","","        local.testCase_buildTest_default = local.testCase_buildTest_default || function (","            options,","            onError","        ) {","        /*","         * this function will test buildTest's default handling-behavior","         */","            options = {};","            local.buildTest(options, onError);","        };","","        local.testCase_webpage_default = local.testCase_webpage_default || function (","            options,","            onError","        ) {","        /*","         * this function will test webpage's default handling-behavior","         */","            options = { modeCoverageMerge: true, url: local.serverLocalHost + '?modeTest=1' };","            local.browserTest(options, onError);","        };","","        // run test-server","        local.testRunServer(local);","        break;","    }","}());",""],"l":{"12":2,"14":2,"19":2,"21":2,"23":2,"24":2,"25":2,"30":1,"37":2,"40":2,"43":1,"47":1,"50":1,"52":1,"55":2,"61":2,"62":2,"64":2,"70":1,"76":1,"82":2,"83":2,"85":2,"91":1,"98":1,"102":1,"105":1,"112":1,"119":1,"120":1,"123":1,"130":1,"131":1,"132":1,"133":1,"134":1,"135":1,"138":1,"143":2,"144":2,"147":1,"154":2,"155":2,"158":1,"165":2,"166":2,"169":1,"176":2,"177":2,"180":1,"187":1,"188":1,"192":1,"193":1}},"/home/travis/build/npmtest/node-npmtest-cloudcmd/lib.npmtest_cloudcmd.js":{"path":"/home/travis/build/npmtest/node-npmtest-cloudcmd/lib.npmtest_cloudcmd.js","s":{"1":2,"2":2,"3":2,"4":2,"5":2,"6":2,"7":2,"8":1,"9":2,"10":2,"11":2,"12":2,"13":1,"14":1,"15":1,"16":1},"b":{"1":[2,1,1,1],"2":[1,1,1,1],"3":[1,1],"4":[2,2],"5":[1,1]},"f":{"1":2,"2":2,"3":2},"fnMap":{"1":{"name":"(anonymous_1)","line":12,"loc":{"start":{"line":12,"column":1},"end":{"line":12,"column":13}}},"2":{"name":"(anonymous_2)","line":19,"loc":{"start":{"line":19,"column":5},"end":{"line":19,"column":17}}},"3":{"name":"(anonymous_3)","line":23,"loc":{"start":{"line":23,"column":24},"end":{"line":23,"column":36}}}},"statementMap":{"1":{"start":{"line":12,"column":0},"end":{"line":53,"column":5}},"2":{"start":{"line":14,"column":4},"end":{"line":14,"column":14}},"3":{"start":{"line":19,"column":4},"end":{"line":52,"column":9}},"4":{"start":{"line":21,"column":8},"end":{"line":21,"column":19}},"5":{"start":{"line":23,"column":8},"end":{"line":35,"column":13}},"6":{"start":{"line":24,"column":12},"end":{"line":34,"column":13}},"7":{"start":{"line":25,"column":16},"end":{"line":28,"column":30}},"8":{"start":{"line":30,"column":16},"end":{"line":33,"column":27}},"9":{"start":{"line":37,"column":8},"end":{"line":39,"column":21}},"10":{"start":{"line":41,"column":8},"end":{"line":41,"column":54}},"11":{"start":{"line":43,"column":8},"end":{"line":43,"column":53}},"12":{"start":{"line":45,"column":8},"end":{"line":51,"column":9}},"13":{"start":{"line":46,"column":12},"end":{"line":46,"column":59}},"14":{"start":{"line":48,"column":12},"end":{"line":48,"column":35}},"15":{"start":{"line":49,"column":12},"end":{"line":49,"column":49}},"16":{"start":{"line":50,"column":12},"end":{"line":50,"column":43}}},"branchMap":{"1":{"line":25,"type":"binary-expr","locations":[{"start":{"line":25,"column":23},"end":{"line":25,"column":62}},{"start":{"line":26,"column":20},"end":{"line":26,"column":70}},{"start":{"line":27,"column":20},"end":{"line":27,"column":71}},{"start":{"line":28,"column":20},"end":{"line":28,"column":29}}]},"2":{"line":30,"type":"binary-expr","locations":[{"start":{"line":30,"column":23},"end":{"line":30,"column":37}},{"start":{"line":31,"column":20},"end":{"line":31,"column":61}},{"start":{"line":32,"column":20},"end":{"line":32,"column":70}},{"start":{"line":33,"column":20},"end":{"line":33,"column":26}}]},"3":{"line":37,"type":"cond-expr","locations":[{"start":{"line":38,"column":14},"end":{"line":38,"column":20}},{"start":{"line":39,"column":14},"end":{"line":39,"column":20}}]},"4":{"line":41,"type":"binary-expr","locations":[{"start":{"line":41,"column":16},"end":{"line":41,"column":44}},{"start":{"line":41,"column":48},"end":{"line":41,"column":53}}]},"5":{"line":45,"type":"if","locations":[{"start":{"line":45,"column":8},"end":{"line":45,"column":8}},{"start":{"line":45,"column":8},"end":{"line":45,"column":8}}]}},"code":["/* istanbul instrument in package npmtest_cloudcmd */","/*jslint","    bitwise: true,","    browser: true,","    maxerr: 8,","    maxlen: 96,","    node: true,","    nomen: true,","    regexp: true,","    stupid: true","*/","(function () {","    'use strict';","    var local;","","","","    // run shared js-env code - pre-init","    (function () {","        // init local","        local = {};","        // init modeJs","        local.modeJs = (function () {","            try {","                return typeof navigator.userAgent === 'string' &&","                    typeof document.querySelector('body') === 'object' &&","                    typeof XMLHttpRequest.prototype.open === 'function' &&","                    'browser';","            } catch (errorCaughtBrowser) {","                return module.exports &&","                    typeof process.versions.node === 'string' &&","                    typeof require('http').createServer === 'function' &&","                    'node';","            }","        }());","        // init global","        local.global = local.modeJs === 'browser'","            ? window","            : global;","        // init utility2_rollup","        local = local.global.utility2_rollup || local;","        // init lib","        local.local = local.npmtest_cloudcmd = local;","        // init exports","        if (local.modeJs === 'browser') {","            local.global.utility2_npmtest_cloudcmd = local;","        } else {","            module.exports = local;","            module.exports.__dirname = __dirname;","            module.exports.module = module;","        }","    }());","}());",""],"l":{"12":2,"14":2,"19":2,"21":2,"23":2,"24":2,"25":2,"30":1,"37":2,"41":2,"43":2,"45":2,"46":1,"48":1,"49":1,"50":1}},"/home/travis/build/npmtest/node-npmtest-cloudcmd/example.js":{"path":"/home/travis/build/npmtest/node-npmtest-cloudcmd/example.js","s":{"1":2,"2":2,"3":2,"4":2,"5":2,"6":2,"7":2,"8":1,"9":2,"10":2,"11":2,"12":2,"13":1,"14":2,"15":2,"16":2,"17":2,"18":2,"19":0,"20":2,"21":1,"22":1,"23":1,"24":1,"25":1,"26":0,"27":0,"28":1,"29":1,"30":2,"31":0,"32":0,"33":0,"34":1,"35":2,"36":2,"37":3,"38":3,"39":3,"40":3,"41":0,"42":3,"43":3,"44":3,"45":1,"46":3,"47":1,"48":1,"49":1,"50":1,"51":1,"52":1,"53":1,"54":1,"55":1,"56":1,"57":0,"58":1,"59":6,"60":6,"61":1,"62":2,"63":0,"64":2,"65":1,"66":1,"67":0,"68":0,"69":0,"70":0,"71":0,"72":0,"73":0,"74":0,"75":0,"76":0,"77":0,"78":0,"79":0,"80":0,"81":0,"82":0,"83":0},"b":{"1":[2,1,1,1],"2":[1,1,1,1],"3":[1,1],"4":[2,2],"5":[1,1],"6":[1,1],"7":[2,0],"8":[2,1,1,1,1,1],"9":[0,2,0],"10":[1,1],"11":[2,1,1],"12":[1,0],"13":[0,2],"14":[2,0,0,0,0,0,0],"15":[0,3],"16":[3,0],"17":[1,1],"18":[0,1],"19":[1,2,0,2],"20":[1,0],"21":[1,1],"22":[0,0],"23":[0,0],"24":[0,0],"25":[0,0],"26":[0,0],"27":[0,0],"28":[0,0]},"f":{"1":2,"2":2,"3":2,"4":2,"5":2,"6":2,"7":3,"8":3,"9":3,"10":1,"11":6,"12":0},"fnMap":{"1":{"name":"(anonymous_1)","line":26,"loc":{"start":{"line":26,"column":1},"end":{"line":26,"column":13}}},"2":{"name":"(anonymous_2)","line":33,"loc":{"start":{"line":33,"column":5},"end":{"line":33,"column":17}}},"3":{"name":"(anonymous_3)","line":37,"loc":{"start":{"line":37,"column":24},"end":{"line":37,"column":36}}},"4":{"name":"(anonymous_4)","line":69,"loc":{"start":{"line":69,"column":31},"end":{"line":69,"column":48}},"skip":true},"5":{"name":"(anonymous_5)","line":78,"loc":{"start":{"line":78,"column":26},"end":{"line":78,"column":45}},"skip":true},"6":{"name":"(anonymous_6)","line":123,"loc":{"start":{"line":123,"column":33},"end":{"line":123,"column":48}},"skip":true},"7":{"name":"(anonymous_7)","line":125,"loc":{"start":{"line":125,"column":27},"end":{"line":125,"column":39}},"skip":true},"8":{"name":"(anonymous_8)","line":133,"loc":{"start":{"line":133,"column":59},"end":{"line":133,"column":74}},"skip":true},"9":{"name":"(anonymous_9)","line":143,"loc":{"start":{"line":143,"column":45},"end":{"line":143,"column":62}},"skip":true},"10":{"name":"(anonymous_10)","line":144,"loc":{"start":{"line":144,"column":73},"end":{"line":144,"column":92}},"skip":true},"11":{"name":"(anonymous_11)","line":272,"loc":{"start":{"line":272,"column":51},"end":{"line":272,"column":77}},"skip":true},"12":{"name":"(anonymous_12)","line":315,"loc":{"start":{"line":315,"column":32},"end":{"line":315,"column":61}},"skip":true}},"statementMap":{"1":{"start":{"line":26,"column":0},"end":{"line":326,"column":5}},"2":{"start":{"line":28,"column":4},"end":{"line":28,"column":14}},"3":{"start":{"line":33,"column":4},"end":{"line":60,"column":9}},"4":{"start":{"line":35,"column":8},"end":{"line":35,"column":19}},"5":{"start":{"line":37,"column":8},"end":{"line":49,"column":13}},"6":{"start":{"line":38,"column":12},"end":{"line":48,"column":13}},"7":{"start":{"line":39,"column":16},"end":{"line":42,"column":30}},"8":{"start":{"line":44,"column":16},"end":{"line":47,"column":27}},"9":{"start":{"line":51,"column":8},"end":{"line":53,"column":21}},"10":{"start":{"line":55,"column":8},"end":{"line":57,"column":45}},"11":{"start":{"line":59,"column":8},"end":{"line":59,"column":35}},"12":{"start":{"line":61,"column":4},"end":{"line":325,"column":5}},"13":{"start":{"line":69,"column":8},"end":{"line":121,"column":10},"skip":true},"14":{"start":{"line":70,"column":12},"end":{"line":88,"column":13},"skip":true},"15":{"start":{"line":76,"column":16},"end":{"line":87,"column":19},"skip":true},"16":{"start":{"line":79,"column":20},"end":{"line":86,"column":21},"skip":true},"17":{"start":{"line":82,"column":24},"end":{"line":82,"column":43},"skip":true},"18":{"start":{"line":83,"column":24},"end":{"line":83,"column":30},"skip":true},"19":{"start":{"line":85,"column":24},"end":{"line":85,"column":49},"skip":true},"20":{"start":{"line":89,"column":12},"end":{"line":107,"column":13},"skip":true},"21":{"start":{"line":92,"column":16},"end":{"line":102,"column":17},"skip":true},"22":{"start":{"line":93,"column":20},"end":{"line":93,"column":86},"skip":true},"23":{"start":{"line":94,"column":20},"end":{"line":95,"column":45},"skip":true},"24":{"start":{"line":96,"column":20},"end":{"line":96,"column":42},"skip":true},"25":{"start":{"line":97,"column":20},"end":{"line":97,"column":48},"skip":true},"26":{"start":{"line":100,"column":20},"end":{"line":100,"column":85},"skip":true},"27":{"start":{"line":101,"column":20},"end":{"line":101,"column":96},"skip":true},"28":{"start":{"line":103,"column":16},"end":{"line":103,"column":22},"skip":true},"29":{"start":{"line":106,"column":16},"end":{"line":106,"column":22},"skip":true},"30":{"start":{"line":108,"column":12},"end":{"line":120,"column":13},"skip":true},"31":{"start":{"line":114,"column":16},"end":{"line":119,"column":17},"skip":true},"32":{"start":{"line":116,"column":20},"end":{"line":116,"column":78},"skip":true},"33":{"start":{"line":118,"column":20},"end":{"line":118,"column":47},"skip":true},"34":{"start":{"line":123,"column":8},"end":{"line":141,"column":11},"skip":true},"35":{"start":{"line":124,"column":12},"end":{"line":124,"column":54},"skip":true},"36":{"start":{"line":125,"column":12},"end":{"line":140,"column":14},"skip":true},"37":{"start":{"line":126,"column":16},"end":{"line":126,"column":28},"skip":true},"38":{"start":{"line":127,"column":16},"end":{"line":127,"column":69},"skip":true},"39":{"start":{"line":128,"column":16},"end":{"line":128,"column":75},"skip":true},"40":{"start":{"line":129,"column":16},"end":{"line":131,"column":17},"skip":true},"41":{"start":{"line":130,"column":20},"end":{"line":130,"column":27},"skip":true},"42":{"start":{"line":133,"column":16},"end":{"line":137,"column":36},"skip":true},"43":{"start":{"line":134,"column":20},"end":{"line":136,"column":55},"skip":true},"44":{"start":{"line":139,"column":16},"end":{"line":139,"column":57},"skip":true},"45":{"start":{"line":143,"column":8},"end":{"line":147,"column":11},"skip":true},"46":{"start":{"line":144,"column":12},"end":{"line":146,"column":15},"skip":true},"47":{"start":{"line":145,"column":16},"end":{"line":145,"column":70},"skip":true},"48":{"start":{"line":149,"column":8},"end":{"line":149,"column":31},"skip":true},"49":{"start":{"line":150,"column":8},"end":{"line":150,"column":14},"skip":true},"50":{"start":{"line":158,"column":8},"end":{"line":158,"column":31},"skip":true},"51":{"start":{"line":160,"column":8},"end":{"line":160,"column":33},"skip":true},"52":{"start":{"line":161,"column":8},"end":{"line":161,"column":37},"skip":true},"53":{"start":{"line":162,"column":8},"end":{"line":162,"column":35},"skip":true},"54":{"start":{"line":164,"column":8},"end":{"line":164,"column":50},"skip":true},"55":{"start":{"line":166,"column":8},"end":{"line":256,"column":2},"skip":true},"56":{"start":{"line":258,"column":8},"end":{"line":286,"column":9},"skip":true},"57":{"start":{"line":259,"column":12},"end":{"line":269,"column":14},"skip":true},"58":{"start":{"line":271,"column":12},"end":{"line":285,"column":19},"skip":true},"59":{"start":{"line":274,"column":20},"end":{"line":274,"column":35},"skip":true},"60":{"start":{"line":275,"column":20},"end":{"line":284,"column":21},"skip":true},"61":{"start":{"line":277,"column":24},"end":{"line":277,"column":64},"skip":true},"62":{"start":{"line":279,"column":24},"end":{"line":279,"column":40},"skip":true},"63":{"start":{"line":281,"column":24},"end":{"line":281,"column":40},"skip":true},"64":{"start":{"line":283,"column":24},"end":{"line":283,"column":39},"skip":true},"65":{"start":{"line":288,"column":8},"end":{"line":290,"column":9},"skip":true},"66":{"start":{"line":289,"column":12},"end":{"line":289,"column":18},"skip":true},"67":{"start":{"line":291,"column":8},"end":{"line":293,"column":54},"skip":true},"68":{"start":{"line":296,"column":8},"end":{"line":301,"column":37},"skip":true},"69":{"start":{"line":303,"column":8},"end":{"line":303,"column":82},"skip":true},"70":{"start":{"line":306,"column":8},"end":{"line":308,"column":9},"skip":true},"71":{"start":{"line":307,"column":12},"end":{"line":307,"column":82},"skip":true},"72":{"start":{"line":310,"column":8},"end":{"line":312,"column":9},"skip":true},"73":{"start":{"line":311,"column":12},"end":{"line":311,"column":18},"skip":true},"74":{"start":{"line":313,"column":8},"end":{"line":313,"column":54},"skip":true},"75":{"start":{"line":314,"column":8},"end":{"line":314,"column":69},"skip":true},"76":{"start":{"line":315,"column":8},"end":{"line":323,"column":36},"skip":true},"77":{"start":{"line":316,"column":12},"end":{"line":316,"column":61},"skip":true},"78":{"start":{"line":317,"column":12},"end":{"line":320,"column":13},"skip":true},"79":{"start":{"line":318,"column":16},"end":{"line":318,"column":75},"skip":true},"80":{"start":{"line":319,"column":16},"end":{"line":319,"column":23},"skip":true},"81":{"start":{"line":321,"column":12},"end":{"line":321,"column":38},"skip":true},"82":{"start":{"line":322,"column":12},"end":{"line":322,"column":27},"skip":true},"83":{"start":{"line":324,"column":8},"end":{"line":324,"column":14},"skip":true}},"branchMap":{"1":{"line":39,"type":"binary-expr","locations":[{"start":{"line":39,"column":23},"end":{"line":39,"column":62}},{"start":{"line":40,"column":20},"end":{"line":40,"column":70}},{"start":{"line":41,"column":20},"end":{"line":41,"column":71}},{"start":{"line":42,"column":20},"end":{"line":42,"column":29}}]},"2":{"line":44,"type":"binary-expr","locations":[{"start":{"line":44,"column":23},"end":{"line":44,"column":37}},{"start":{"line":45,"column":20},"end":{"line":45,"column":61}},{"start":{"line":46,"column":20},"end":{"line":46,"column":70}},{"start":{"line":47,"column":20},"end":{"line":47,"column":26}}]},"3":{"line":51,"type":"cond-expr","locations":[{"start":{"line":52,"column":14},"end":{"line":52,"column":20}},{"start":{"line":53,"column":14},"end":{"line":53,"column":20}}]},"4":{"line":55,"type":"binary-expr","locations":[{"start":{"line":55,"column":16},"end":{"line":55,"column":44}},{"start":{"line":55,"column":49},"end":{"line":57,"column":43}}]},"5":{"line":55,"type":"cond-expr","locations":[{"start":{"line":56,"column":14},"end":{"line":56,"column":52}},{"start":{"line":57,"column":14},"end":{"line":57,"column":43}}]},"6":{"line":61,"type":"switch","locations":[{"start":{"line":68,"column":4},"end":{"line":150,"column":14},"skip":true},{"start":{"line":156,"column":4},"end":{"line":324,"column":14},"skip":true}]},"7":{"line":70,"type":"if","locations":[{"start":{"line":70,"column":12},"end":{"line":70,"column":12},"skip":true},{"start":{"line":70,"column":12},"end":{"line":70,"column":12},"skip":true}]},"8":{"line":70,"type":"binary-expr","locations":[{"start":{"line":70,"column":16},"end":{"line":70,"column":22},"skip":true},{"start":{"line":70,"column":27},"end":{"line":70,"column":32},"skip":true},{"start":{"line":71,"column":20},"end":{"line":71,"column":39},"skip":true},{"start":{"line":72,"column":20},"end":{"line":72,"column":49},"skip":true},{"start":{"line":73,"column":20},"end":{"line":73,"column":58},"skip":true},{"start":{"line":74,"column":20},"end":{"line":74,"column":69},"skip":true}]},"9":{"line":79,"type":"switch","locations":[{"start":{"line":80,"column":20},"end":{"line":80,"column":33},"skip":true},{"start":{"line":81,"column":20},"end":{"line":83,"column":30},"skip":true},{"start":{"line":84,"column":20},"end":{"line":85,"column":49},"skip":true}]},"10":{"line":89,"type":"switch","locations":[{"start":{"line":90,"column":12},"end":{"line":103,"column":22},"skip":true},{"start":{"line":105,"column":12},"end":{"line":106,"column":22},"skip":true}]},"11":{"line":89,"type":"binary-expr","locations":[{"start":{"line":89,"column":20},"end":{"line":89,"column":25},"skip":true},{"start":{"line":89,"column":29},"end":{"line":89,"column":48},"skip":true},{"start":{"line":89,"column":52},"end":{"line":89,"column":74},"skip":true}]},"12":{"line":92,"type":"if","locations":[{"start":{"line":92,"column":16},"end":{"line":92,"column":16},"skip":true},{"start":{"line":92,"column":16},"end":{"line":92,"column":16},"skip":true}]},"13":{"line":108,"type":"if","locations":[{"start":{"line":108,"column":12},"end":{"line":108,"column":12},"skip":true},{"start":{"line":108,"column":12},"end":{"line":108,"column":12},"skip":true}]},"14":{"line":108,"type":"binary-expr","locations":[{"start":{"line":108,"column":16},"end":{"line":108,"column":61},"skip":true},{"start":{"line":108,"column":66},"end":{"line":108,"column":72},"skip":true},{"start":{"line":108,"column":77},"end":{"line":108,"column":82},"skip":true},{"start":{"line":109,"column":20},"end":{"line":109,"column":39},"skip":true},{"start":{"line":110,"column":20},"end":{"line":110,"column":49},"skip":true},{"start":{"line":111,"column":20},"end":{"line":111,"column":58},"skip":true},{"start":{"line":112,"column":20},"end":{"line":112,"column":68},"skip":true}]},"15":{"line":129,"type":"if","locations":[{"start":{"line":129,"column":16},"end":{"line":129,"column":16},"skip":true},{"start":{"line":129,"column":16},"end":{"line":129,"column":16},"skip":true}]},"16":{"line":134,"type":"cond-expr","locations":[{"start":{"line":135,"column":26},"end":{"line":135,"column":29},"skip":true},{"start":{"line":136,"column":26},"end":{"line":136,"column":54},"skip":true}]},"17":{"line":164,"type":"binary-expr","locations":[{"start":{"line":164,"column":27},"end":{"line":164,"column":43},"skip":true},{"start":{"line":164,"column":47},"end":{"line":164,"column":49},"skip":true}]},"18":{"line":258,"type":"if","locations":[{"start":{"line":258,"column":8},"end":{"line":258,"column":8},"skip":true},{"start":{"line":258,"column":8},"end":{"line":258,"column":8},"skip":true}]},"19":{"line":275,"type":"switch","locations":[{"start":{"line":276,"column":20},"end":{"line":277,"column":64},"skip":true},{"start":{"line":278,"column":20},"end":{"line":279,"column":40},"skip":true},{"start":{"line":280,"column":20},"end":{"line":281,"column":40},"skip":true},{"start":{"line":282,"column":20},"end":{"line":283,"column":39},"skip":true}]},"20":{"line":288,"type":"if","locations":[{"start":{"line":288,"column":8},"end":{"line":288,"column":8},"skip":true},{"start":{"line":288,"column":8},"end":{"line":288,"column":8},"skip":true}]},"21":{"line":288,"type":"binary-expr","locations":[{"start":{"line":288,"column":12},"end":{"line":288,"column":40},"skip":true},{"start":{"line":288,"column":44},"end":{"line":288,"column":67},"skip":true}]},"22":{"line":292,"type":"binary-expr","locations":[{"start":{"line":292,"column":12},"end":{"line":292,"column":50},"skip":true},{"start":{"line":293,"column":12},"end":{"line":293,"column":53},"skip":true}]},"23":{"line":297,"type":"binary-expr","locations":[{"start":{"line":297,"column":12},"end":{"line":297,"column":66},"skip":true},{"start":{"line":298,"column":12},"end":{"line":301,"column":36},"skip":true}]},"24":{"line":303,"type":"binary-expr","locations":[{"start":{"line":303,"column":43},"end":{"line":303,"column":75},"skip":true},{"start":{"line":303,"column":79},"end":{"line":303,"column":81},"skip":true}]},"25":{"line":306,"type":"if","locations":[{"start":{"line":306,"column":8},"end":{"line":306,"column":8},"skip":true},{"start":{"line":306,"column":8},"end":{"line":306,"column":8},"skip":true}]},"26":{"line":310,"type":"if","locations":[{"start":{"line":310,"column":8},"end":{"line":310,"column":8},"skip":true},{"start":{"line":310,"column":8},"end":{"line":310,"column":8},"skip":true}]},"27":{"line":313,"type":"binary-expr","locations":[{"start":{"line":313,"column":27},"end":{"line":313,"column":43},"skip":true},{"start":{"line":313,"column":47},"end":{"line":313,"column":53},"skip":true}]},"28":{"line":317,"type":"if","locations":[{"start":{"line":317,"column":12},"end":{"line":317,"column":12},"skip":true},{"start":{"line":317,"column":12},"end":{"line":317,"column":12},"skip":true}]}},"code":["/*","example.js","","quickstart example","","instruction","    1. save this script as example.js","    2. run the shell command:","        $ npm install npmtest-cloudcmd && PORT=8081 node example.js","    3. play with the browser-demo on http://127.0.0.1:8081","*/","","","","/* istanbul instrument in package npmtest_cloudcmd */","/*jslint","    bitwise: true,","    browser: true,","    maxerr: 8,","    maxlen: 96,","    node: true,","    nomen: true,","    regexp: true,","    stupid: true","*/","(function () {","    'use strict';","    var local;","","","","    // run shared js-env code - pre-init","    (function () {","        // init local","        local = {};","        // init modeJs","        local.modeJs = (function () {","            try {","                return typeof navigator.userAgent === 'string' &&","                    typeof document.querySelector('body') === 'object' &&","                    typeof XMLHttpRequest.prototype.open === 'function' &&","                    'browser';","            } catch (errorCaughtBrowser) {","                return module.exports &&","                    typeof process.versions.node === 'string' &&","                    typeof require('http').createServer === 'function' &&","                    'node';","            }","        }());","        // init global","        local.global = local.modeJs === 'browser'","            ? window","            : global;","        // init utility2_rollup","        local = local.global.utility2_rollup || (local.modeJs === 'browser'","            ? local.global.utility2_npmtest_cloudcmd","            : global.utility2_moduleExports);","        // export local","        local.global.local = local;","    }());","    switch (local.modeJs) {","","","","    // post-init","    // run browser js-env code - post-init","    /* istanbul ignore next */","    case 'browser':","        local.testRunBrowser = function (event) {","            if (!event || (event &&","                    event.currentTarget &&","                    event.currentTarget.className &&","                    event.currentTarget.className.includes &&","                    event.currentTarget.className.includes('onreset'))) {","                // reset output","                Array.from(","                    document.querySelectorAll('body > .resettable')","                ).forEach(function (element) {","                    switch (element.tagName) {","                    case 'INPUT':","                    case 'TEXTAREA':","                        element.value = '';","                        break;","                    default:","                        element.textContent = '';","                    }","                });","            }","            switch (event && event.currentTarget && event.currentTarget.id) {","            case 'testRunButton1':","                // show tests","                if (document.querySelector('#testReportDiv1').style.display === 'none') {","                    document.querySelector('#testReportDiv1').style.display = 'block';","                    document.querySelector('#testRunButton1').textContent =","                        'hide internal test';","                    local.modeTest = true;","                    local.testRunDefault(local);","                // hide tests","                } else {","                    document.querySelector('#testReportDiv1').style.display = 'none';","                    document.querySelector('#testRunButton1').textContent = 'run internal test';","                }","                break;","            // custom-case","            default:","                break;","            }","            if (document.querySelector('#inputTextareaEval1') && (!event || (event &&","                    event.currentTarget &&","                    event.currentTarget.className &&","                    event.currentTarget.className.includes &&","                    event.currentTarget.className.includes('oneval')))) {","                // try to eval input-code","                try {","                    /*jslint evil: true*/","                    eval(document.querySelector('#inputTextareaEval1').value);","                } catch (errorCaught) {","                    console.error(errorCaught);","                }","            }","        };","        // log stderr and stdout to #outputTextareaStdout1","        ['error', 'log'].forEach(function (key) {","            console[key + '_original'] = console[key];","            console[key] = function () {","                var element;","                console[key + '_original'].apply(console, arguments);","                element = document.querySelector('#outputTextareaStdout1');","                if (!element) {","                    return;","                }","                // append text to #outputTextareaStdout1","                element.value += Array.from(arguments).map(function (arg) {","                    return typeof arg === 'string'","                        ? arg","                        : JSON.stringify(arg, null, 4);","                }).join(' ') + '\\n';","                // scroll textarea to bottom","                element.scrollTop = element.scrollHeight;","            };","        });","        // init event-handling","        ['change', 'click', 'keyup'].forEach(function (event) {","            Array.from(document.querySelectorAll('.on' + event)).forEach(function (element) {","                element.addEventListener(event, local.testRunBrowser);","            });","        });","        // run tests","        local.testRunBrowser();","        break;","","","","    // run node js-env code - post-init","    /* istanbul ignore next */","    case 'node':","        // export local","        module.exports = local;","        // require modules","        local.fs = require('fs');","        local.http = require('http');","        local.url = require('url');","        // init assets","        local.assetsDict = local.assetsDict || {};","        /* jslint-ignore-begin */","        local.assetsDict['/assets.index.template.html'] = '\\","<!doctype html>\\n\\","<html lang=\"en\">\\n\\","<head>\\n\\","<meta charset=\"UTF-8\">\\n\\","<meta name=\"viewport\" content=\"width=device-width, initial-scale=1\">\\n\\","<title>{{env.npm_package_name}} (v{{env.npm_package_version}})</title>\\n\\","<style>\\n\\","/*csslint\\n\\","    box-sizing: false,\\n\\","    universal-selector: false\\n\\","*/\\n\\","* {\\n\\","    box-sizing: border-box;\\n\\","}\\n\\","body {\\n\\","    background: #dde;\\n\\","    font-family: Arial, Helvetica, sans-serif;\\n\\","    margin: 2rem;\\n\\","}\\n\\","body > * {\\n\\","    margin-bottom: 1rem;\\n\\","}\\n\\",".utility2FooterDiv {\\n\\","    margin-top: 20px;\\n\\","    text-align: center;\\n\\","}\\n\\","</style>\\n\\","<style>\\n\\","/*csslint\\n\\","*/\\n\\","textarea {\\n\\","    font-family: monospace;\\n\\","    height: 10rem;\\n\\","    width: 100%;\\n\\","}\\n\\","textarea[readonly] {\\n\\","    background: #ddd;\\n\\","}\\n\\","</style>\\n\\","</head>\\n\\","<body>\\n\\","<!-- utility2-comment\\n\\","<div id=\"ajaxProgressDiv1\" style=\"background: #d00; height: 2px; left: 0; margin: 0; padding: 0; position: fixed; top: 0; transition: background 0.5s, width 1.5s; width: 25%;\"></div>\\n\\","utility2-comment -->\\n\\","<h1>\\n\\","<!-- utility2-comment\\n\\","    <a\\n\\","        {{#if env.npm_package_homepage}}\\n\\","        href=\"{{env.npm_package_homepage}}\"\\n\\","        {{/if env.npm_package_homepage}}\\n\\","        target=\"_blank\"\\n\\","    >\\n\\","utility2-comment -->\\n\\","        {{env.npm_package_name}} (v{{env.npm_package_version}})\\n\\","<!-- utility2-comment\\n\\","    </a>\\n\\","utility2-comment -->\\n\\","</h1>\\n\\","<h3>{{env.npm_package_description}}</h3>\\n\\","<!-- utility2-comment\\n\\","<h4><a download href=\"assets.app.js\">download standalone app</a></h4>\\n\\","<button class=\"onclick onreset\" id=\"testRunButton1\">run internal test</button><br>\\n\\","<div id=\"testReportDiv1\" style=\"display: none;\"></div>\\n\\","utility2-comment -->\\n\\","\\n\\","\\n\\","\\n\\","<label>stderr and stdout</label>\\n\\","<textarea class=\"resettable\" id=\"outputTextareaStdout1\" readonly></textarea>\\n\\","<!-- utility2-comment\\n\\","{{#if isRollup}}\\n\\","<script src=\"assets.app.js\"></script>\\n\\","{{#unless isRollup}}\\n\\","utility2-comment -->\\n\\","<script src=\"assets.utility2.rollup.js\"></script>\\n\\","<script src=\"jsonp.utility2._stateInit?callback=window.utility2._stateInit\"></script>\\n\\","<script src=\"assets.npmtest_cloudcmd.rollup.js\"></script>\\n\\","<script src=\"assets.example.js\"></script>\\n\\","<script src=\"assets.test.js\"></script>\\n\\","<!-- utility2-comment\\n\\","{{/if isRollup}}\\n\\","utility2-comment -->\\n\\","<div class=\"utility2FooterDiv\">\\n\\","    [ this app was created with\\n\\","    <a href=\"https://github.com/kaizhu256/node-utility2\" target=\"_blank\">utility2</a>\\n\\","    ]\\n\\","</div>\\n\\","</body>\\n\\","</html>\\n\\","';","        /* jslint-ignore-end */","        if (local.templateRender) {","            local.assetsDict['/'] = local.templateRender(","                local.assetsDict['/assets.index.template.html'],","                {","                    env: local.objectSetDefault(local.env, {","                        npm_package_description: 'the greatest app in the world!',","                        npm_package_name: 'my-app',","                        npm_package_nameAlias: 'my_app',","                        npm_package_version: '0.0.1'","                    })","                }","            );","        } else {","            local.assetsDict['/'] = local.assetsDict['/assets.index.template.html']","                .replace((/\\{\\{env\\.(\\w+?)\\}\\}/g), function (match0, match1) {","                    // jslint-hack","                    String(match0);","                    switch (match1) {","                    case 'npm_package_description':","                        return 'the greatest app in the world!';","                    case 'npm_package_name':","                        return 'my-app';","                    case 'npm_package_nameAlias':","                        return 'my_app';","                    case 'npm_package_version':","                        return '0.0.1';","                    }","                });","        }","        // run the cli","        if (local.global.utility2_rollup || module !== require.main) {","            break;","        }","        local.assetsDict['/assets.example.js'] =","            local.assetsDict['/assets.example.js'] ||","            local.fs.readFileSync(__filename, 'utf8');","        // bug-workaround - long $npm_package_buildCustomOrg","        /* jslint-ignore-begin */","        local.assetsDict['/assets.npmtest_cloudcmd.rollup.js'] =","            local.assetsDict['/assets.npmtest_cloudcmd.rollup.js'] ||","            local.fs.readFileSync(","                local.npmtest_cloudcmd.__dirname + '/lib.npmtest_cloudcmd.js',","                'utf8'","            ).replace((/^#!/), '//');","        /* jslint-ignore-end */","        local.assetsDict['/favicon.ico'] = local.assetsDict['/favicon.ico'] || '';","        // if $npm_config_timeout_exit exists,","        // then exit this process after $npm_config_timeout_exit ms","        if (Number(process.env.npm_config_timeout_exit)) {","            setTimeout(process.exit, Number(process.env.npm_config_timeout_exit));","        }","        // start server","        if (local.global.utility2_serverHttp1) {","            break;","        }","        process.env.PORT = process.env.PORT || '8081';","        console.error('server starting on port ' + process.env.PORT);","        local.http.createServer(function (request, response) {","            request.urlParsed = local.url.parse(request.url);","            if (local.assetsDict[request.urlParsed.pathname] !== undefined) {","                response.end(local.assetsDict[request.urlParsed.pathname]);","                return;","            }","            response.statusCode = 404;","            response.end();","        }).listen(process.env.PORT);","        break;","    }","}());",""],"l":{"26":2,"28":2,"33":2,"35":2,"37":2,"38":2,"39":2,"44":1,"51":2,"55":2,"59":2,"61":2,"69":1,"70":2,"76":2,"79":2,"82":2,"83":2,"85":1,"89":2,"92":1,"93":1,"94":1,"96":1,"97":1,"100":1,"101":1,"103":1,"106":1,"108":2,"114":1,"116":1,"118":1,"123":1,"124":2,"125":2,"126":3,"127":3,"128":3,"129":3,"130":1,"133":3,"134":3,"139":3,"143":1,"144":3,"145":1,"149":1,"150":1,"158":1,"160":1,"161":1,"162":1,"164":1,"166":1,"258":1,"259":1,"271":1,"274":6,"275":6,"277":1,"279":2,"281":1,"283":2,"288":1,"289":1,"291":1,"296":1,"303":1,"306":1,"307":1,"310":1,"311":1,"313":1,"314":1,"315":1,"316":1,"317":1,"318":1,"319":1,"321":1,"322":1,"324":1}},"/home/travis/build/npmtest/node-npmtest-cloudcmd/node_modules/cloudcmd/legacy/server/cloudcmd.js":{"path":"/home/travis/build/npmtest/node-npmtest-cloudcmd/node_modules/cloudcmd/legacy/server/cloudcmd.js","s":{"1":1},"b":{},"f":{},"fnMap":{},"statementMap":{"1":{"start":{"line":1,"column":0},"end":{"line":1,"column":54}}},"branchMap":{},"code":["module.exports = require('../../server_/cloudcmd.js');"],"l":{"1":1}},"/home/travis/build/npmtest/node-npmtest-cloudcmd/node_modules/cloudcmd/server_/cloudcmd.js":{"path":"/home/travis/build/npmtest/node-npmtest-cloudcmd/node_modules/cloudcmd/server_/cloudcmd.js","s":{"1":1,"2":1,"3":1,"4":1,"5":1,"6":1,"7":1,"8":1,"9":1,"10":1,"11":1,"12":1,"13":1,"14":1,"15":1,"16":1,"17":1,"18":1,"19":1,"20":1,"21":1,"22":1,"23":1,"24":1,"25":1,"26":1,"27":1,"28":1,"29":1,"30":0,"31":1,"32":0,"33":1,"34":0,"35":1,"36":1,"37":0,"38":0,"39":0,"40":1,"41":0,"42":0,"43":0,"44":0,"45":0,"46":0,"47":0,"48":0,"49":0,"50":0,"51":0,"52":0,"53":0,"54":0,"55":0,"56":0,"57":0,"58":0,"59":0,"60":0,"61":0,"62":0,"63":0,"64":0,"65":0,"66":0,"67":0,"68":0,"69":1,"70":0,"71":0,"72":0,"73":1,"74":0,"75":0,"76":0,"77":0,"78":0,"79":0,"80":0,"81":0,"82":0,"83":1,"84":0,"85":0,"86":0,"87":0,"88":0,"89":0,"90":0,"91":0,"92":0,"93":0,"94":0,"95":0,"96":0,"97":1,"98":0,"99":0,"100":0,"101":0,"102":0,"103":0,"104":0,"105":0,"106":0,"107":0,"108":1,"109":0,"110":0,"111":0,"112":1,"113":0,"114":0,"115":0,"116":0,"117":0,"118":0,"119":0,"120":0,"121":0,"122":0,"123":0,"124":1,"125":0,"126":0,"127":0,"128":0},"b":{"1":[0,0],"2":[0,0],"3":[0,0],"4":[0,0],"5":[0,0],"6":[0,0,0,0,0],"7":[0,0],"8":[0,0],"9":[0,0],"10":[0,0],"11":[0,0],"12":[0,0],"13":[0,0],"14":[0,0],"15":[0,0],"16":[0,0],"17":[0,0],"18":[0,0],"19":[0,0],"20":[0,0],"21":[0,0],"22":[0,0],"23":[0,0]},"f":{"1":0,"2":0,"3":0,"4":0,"5":0,"6":0,"7":0,"8":0,"9":0,"10":0,"11":0,"12":0,"13":0,"14":0,"15":0,"16":0},"fnMap":{"1":{"name":"root","line":34,"loc":{"start":{"line":34,"column":11},"end":{"line":34,"column":27}}},"2":{"name":"notEmpty","line":38,"loc":{"start":{"line":38,"column":15},"end":{"line":38,"column":36}}},"3":{"name":"clean","line":41,"loc":{"start":{"line":41,"column":12},"end":{"line":41,"column":30}}},"4":{"name":"getPrefix","line":47,"loc":{"start":{"line":47,"column":0},"end":{"line":47,"column":27}}},"5":{"name":"(anonymous_5)","line":53,"loc":{"start":{"line":53,"column":17},"end":{"line":53,"column":35}}},"6":{"name":"(anonymous_6)","line":65,"loc":{"start":{"line":65,"column":17},"end":{"line":65,"column":33}}},"7":{"name":"defaultValue","line":101,"loc":{"start":{"line":101,"column":0},"end":{"line":101,"column":39}}},"8":{"name":"authCheck","line":107,"loc":{"start":{"line":107,"column":0},"end":{"line":107,"column":36}}},"9":{"name":"(anonymous_9)","line":110,"loc":{"start":{"line":110,"column":22},"end":{"line":110,"column":44}}},"10":{"name":"listen","line":121,"loc":{"start":{"line":121,"column":0},"end":{"line":121,"column":32}}},"11":{"name":"cloudcmd","line":190,"loc":{"start":{"line":190,"column":0},"end":{"line":190,"column":44}}},"12":{"name":"isOption","line":191,"loc":{"start":{"line":191,"column":19},"end":{"line":191,"column":43}}},"13":{"name":"logout","line":259,"loc":{"start":{"line":259,"column":0},"end":{"line":259,"column":32}}},"14":{"name":"setUrl","line":265,"loc":{"start":{"line":265,"column":0},"end":{"line":265,"column":22}}},"15":{"name":"(anonymous_15)","line":266,"loc":{"start":{"line":266,"column":11},"end":{"line":266,"column":37}}},"16":{"name":"checkPlugins","line":282,"loc":{"start":{"line":282,"column":0},"end":{"line":282,"column":31}}}},"statementMap":{"1":{"start":{"line":3,"column":0},"end":{"line":3,"column":26}},"2":{"start":{"line":4,"column":0},"end":{"line":4,"column":27}},"3":{"start":{"line":6,"column":0},"end":{"line":6,"column":43}},"4":{"start":{"line":7,"column":0},"end":{"line":7,"column":33}},"5":{"start":{"line":8,"column":0},"end":{"line":8,"column":37}},"6":{"start":{"line":9,"column":0},"end":{"line":9,"column":39}},"7":{"start":{"line":10,"column":0},"end":{"line":10,"column":33}},"8":{"start":{"line":11,"column":0},"end":{"line":11,"column":35}},"9":{"start":{"line":12,"column":0},"end":{"line":12,"column":41}},"10":{"start":{"line":13,"column":0},"end":{"line":13,"column":41}},"11":{"start":{"line":14,"column":0},"end":{"line":14,"column":40}},"12":{"start":{"line":15,"column":0},"end":{"line":15,"column":41}},"13":{"start":{"line":17,"column":0},"end":{"line":17,"column":29}},"14":{"start":{"line":18,"column":0},"end":{"line":18,"column":30}},"15":{"start":{"line":19,"column":0},"end":{"line":19,"column":29}},"16":{"start":{"line":20,"column":0},"end":{"line":20,"column":33}},"17":{"start":{"line":21,"column":0},"end":{"line":21,"column":44}},"18":{"start":{"line":22,"column":0},"end":{"line":22,"column":43}},"19":{"start":{"line":23,"column":0},"end":{"line":23,"column":38}},"20":{"start":{"line":24,"column":0},"end":{"line":24,"column":36}},"21":{"start":{"line":25,"column":0},"end":{"line":25,"column":42}},"22":{"start":{"line":26,"column":0},"end":{"line":26,"column":38}},"23":{"start":{"line":27,"column":0},"end":{"line":27,"column":29}},"24":{"start":{"line":28,"column":0},"end":{"line":28,"column":31}},"25":{"start":{"line":29,"column":0},"end":{"line":29,"column":31}},"26":{"start":{"line":30,"column":0},"end":{"line":30,"column":36}},"27":{"start":{"line":31,"column":0},"end":{"line":31,"column":36}},"28":{"start":{"line":32,"column":0},"end":{"line":32,"column":31}},"29":{"start":{"line":34,"column":0},"end":{"line":36,"column":2}},"30":{"start":{"line":35,"column":4},"end":{"line":35,"column":26}},"31":{"start":{"line":38,"column":0},"end":{"line":40,"column":2}},"32":{"start":{"line":39,"column":4},"end":{"line":39,"column":13}},"33":{"start":{"line":41,"column":0},"end":{"line":43,"column":2}},"34":{"start":{"line":42,"column":4},"end":{"line":42,"column":30}},"35":{"start":{"line":45,"column":0},"end":{"line":45,"column":51}},"36":{"start":{"line":47,"column":0},"end":{"line":51,"column":1}},"37":{"start":{"line":48,"column":4},"end":{"line":48,"column":60}},"38":{"start":{"line":48,"column":38},"end":{"line":48,"column":60}},"39":{"start":{"line":50,"column":4},"end":{"line":50,"column":24}},"40":{"start":{"line":53,"column":0},"end":{"line":99,"column":2}},"41":{"start":{"line":54,"column":4},"end":{"line":54,"column":25}},"42":{"start":{"line":55,"column":4},"end":{"line":55,"column":33}},"43":{"start":{"line":56,"column":4},"end":{"line":56,"column":28}},"44":{"start":{"line":57,"column":4},"end":{"line":57,"column":28}},"45":{"start":{"line":59,"column":4},"end":{"line":59,"column":36}},"46":{"start":{"line":61,"column":4},"end":{"line":61,"column":24}},"47":{"start":{"line":63,"column":4},"end":{"line":63,"column":26}},"48":{"start":{"line":65,"column":4},"end":{"line":88,"column":7}},"49":{"start":{"line":66,"column":8},"end":{"line":66,"column":34}},"50":{"start":{"line":68,"column":8},"end":{"line":85,"column":9}},"51":{"start":{"line":70,"column":16},"end":{"line":70,"column":37}},"52":{"start":{"line":71,"column":16},"end":{"line":71,"column":22}},"53":{"start":{"line":73,"column":16},"end":{"line":73,"column":39}},"54":{"start":{"line":74,"column":16},"end":{"line":74,"column":22}},"55":{"start":{"line":76,"column":16},"end":{"line":76,"column":39}},"56":{"start":{"line":77,"column":16},"end":{"line":77,"column":22}},"57":{"start":{"line":80,"column":16},"end":{"line":80,"column":54}},"58":{"start":{"line":81,"column":16},"end":{"line":81,"column":22}},"59":{"start":{"line":83,"column":16},"end":{"line":83,"column":41}},"60":{"start":{"line":84,"column":16},"end":{"line":84,"column":22}},"61":{"start":{"line":87,"column":8},"end":{"line":87,"column":28}},"62":{"start":{"line":90,"column":4},"end":{"line":90,"column":36}},"63":{"start":{"line":91,"column":4},"end":{"line":91,"column":46}},"64":{"start":{"line":93,"column":4},"end":{"line":93,"column":62}},"65":{"start":{"line":94,"column":4},"end":{"line":94,"column":77}},"66":{"start":{"line":96,"column":4},"end":{"line":96,"column":43}},"67":{"start":{"line":96,"column":18},"end":{"line":96,"column":43}},"68":{"start":{"line":98,"column":4},"end":{"line":98,"column":46}},"69":{"start":{"line":101,"column":0},"end":{"line":105,"column":1}},"70":{"start":{"line":102,"column":4},"end":{"line":102,"column":54}},"71":{"start":{"line":102,"column":38},"end":{"line":102,"column":54}},"72":{"start":{"line":104,"column":4},"end":{"line":104,"column":17}},"73":{"start":{"line":107,"column":0},"end":{"line":119,"column":1}},"74":{"start":{"line":108,"column":4},"end":{"line":108,"column":42}},"75":{"start":{"line":108,"column":25},"end":{"line":108,"column":42}},"76":{"start":{"line":110,"column":4},"end":{"line":118,"column":7}},"77":{"start":{"line":111,"column":8},"end":{"line":111,"column":49}},"78":{"start":{"line":112,"column":8},"end":{"line":112,"column":49}},"79":{"start":{"line":114,"column":8},"end":{"line":114,"column":61}},"80":{"start":{"line":114,"column":32},"end":{"line":114,"column":61}},"81":{"start":{"line":116,"column":8},"end":{"line":116,"column":18}},"82":{"start":{"line":117,"column":8},"end":{"line":117,"column":30}},"83":{"start":{"line":121,"column":0},"end":{"line":188,"column":1}},"84":{"start":{"line":122,"column":4},"end":{"line":122,"column":34}},"85":{"start":{"line":124,"column":4},"end":{"line":124,"column":31}},"86":{"start":{"line":126,"column":4},"end":{"line":126,"column":37}},"87":{"start":{"line":128,"column":4},"end":{"line":133,"column":7}},"88":{"start":{"line":135,"column":4},"end":{"line":140,"column":7}},"89":{"start":{"line":142,"column":4},"end":{"line":147,"column":7}},"90":{"start":{"line":149,"column":4},"end":{"line":153,"column":7}},"91":{"start":{"line":155,"column":4},"end":{"line":159,"column":7}},"92":{"start":{"line":161,"column":4},"end":{"line":165,"column":7}},"93":{"start":{"line":167,"column":4},"end":{"line":171,"column":7}},"94":{"start":{"line":173,"column":4},"end":{"line":177,"column":7}},"95":{"start":{"line":179,"column":4},"end":{"line":182,"column":7}},"96":{"start":{"line":184,"column":4},"end":{"line":187,"column":7}},"97":{"start":{"line":190,"column":0},"end":{"line":257,"column":1}},"98":{"start":{"line":191,"column":4},"end":{"line":193,"column":6}},"99":{"start":{"line":192,"column":8},"end":{"line":192,"column":28}},"100":{"start":{"line":195,"column":4},"end":{"line":195,"column":43}},"101":{"start":{"line":196,"column":4},"end":{"line":196,"column":43}},"102":{"start":{"line":197,"column":4},"end":{"line":197,"column":41}},"103":{"start":{"line":198,"column":4},"end":{"line":198,"column":39}},"104":{"start":{"line":199,"column":4},"end":{"line":199,"column":37}},"105":{"start":{"line":201,"column":4},"end":{"line":201,"column":63}},"106":{"start":{"line":203,"column":4},"end":{"line":254,"column":41}},"107":{"start":{"line":256,"column":4},"end":{"line":256,"column":17}},"108":{"start":{"line":259,"column":0},"end":{"line":263,"column":1}},"109":{"start":{"line":260,"column":4},"end":{"line":260,"column":45}},"110":{"start":{"line":260,"column":31},"end":{"line":260,"column":45}},"111":{"start":{"line":262,"column":4},"end":{"line":262,"column":24}},"112":{"start":{"line":265,"column":0},"end":{"line":280,"column":1}},"113":{"start":{"line":266,"column":4},"end":{"line":279,"column":6}},"114":{"start":{"line":267,"column":8},"end":{"line":267,"column":37}},"115":{"start":{"line":268,"column":8},"end":{"line":268,"column":42}},"116":{"start":{"line":270,"column":8},"end":{"line":270,"column":31}},"117":{"start":{"line":270,"column":17},"end":{"line":270,"column":31}},"118":{"start":{"line":272,"column":8},"end":{"line":272,"column":53}},"119":{"start":{"line":274,"column":8},"end":{"line":274,"column":82}},"120":{"start":{"line":274,"column":54},"end":{"line":274,"column":82}},"121":{"start":{"line":276,"column":8},"end":{"line":276,"column":72}},"122":{"start":{"line":276,"column":19},"end":{"line":276,"column":72}},"123":{"start":{"line":278,"column":8},"end":{"line":278,"column":15}},"124":{"start":{"line":282,"column":0},"end":{"line":286,"column":1}},"125":{"start":{"line":283,"column":4},"end":{"line":283,"column":47}},"126":{"start":{"line":283,"column":40},"end":{"line":283,"column":47}},"127":{"start":{"line":285,"column":4},"end":{"line":285,"column":76}},"128":{"start":{"line":285,"column":33},"end":{"line":285,"column":76}}},"branchMap":{"1":{"line":48,"type":"if","locations":[{"start":{"line":48,"column":4},"end":{"line":48,"column":4}},{"start":{"line":48,"column":4},"end":{"line":48,"column":4}}]},"2":{"line":48,"type":"binary-expr","locations":[{"start":{"line":48,"column":45},"end":{"line":48,"column":53}},{"start":{"line":48,"column":57},"end":{"line":48,"column":59}}]},"3":{"line":50,"type":"binary-expr","locations":[{"start":{"line":50,"column":11},"end":{"line":50,"column":17}},{"start":{"line":50,"column":21},"end":{"line":50,"column":23}}]},"4":{"line":54,"type":"binary-expr","locations":[{"start":{"line":54,"column":12},"end":{"line":54,"column":18}},{"start":{"line":54,"column":22},"end":{"line":54,"column":24}}]},"5":{"line":55,"type":"binary-expr","locations":[{"start":{"line":55,"column":18},"end":{"line":55,"column":26}},{"start":{"line":55,"column":30},"end":{"line":55,"column":32}}]},"6":{"line":68,"type":"switch","locations":[{"start":{"line":69,"column":12},"end":{"line":71,"column":22}},{"start":{"line":72,"column":12},"end":{"line":74,"column":22}},{"start":{"line":75,"column":12},"end":{"line":77,"column":22}},{"start":{"line":78,"column":12},"end":{"line":81,"column":22}},{"start":{"line":82,"column":12},"end":{"line":84,"column":22}}]},"7":{"line":96,"type":"if","locations":[{"start":{"line":96,"column":4},"end":{"line":96,"column":4}},{"start":{"line":96,"column":4},"end":{"line":96,"column":4}}]},"8":{"line":102,"type":"if","locations":[{"start":{"line":102,"column":4},"end":{"line":102,"column":4}},{"start":{"line":102,"column":4},"end":{"line":102,"column":4}}]},"9":{"line":108,"type":"if","locations":[{"start":{"line":108,"column":4},"end":{"line":108,"column":4}},{"start":{"line":108,"column":4},"end":{"line":108,"column":4}}]},"10":{"line":114,"type":"if","locations":[{"start":{"line":114,"column":8},"end":{"line":114,"column":8}},{"start":{"line":114,"column":8},"end":{"line":114,"column":8}}]},"11":{"line":114,"type":"binary-expr","locations":[{"start":{"line":114,"column":12},"end":{"line":114,"column":19}},{"start":{"line":114,"column":23},"end":{"line":114,"column":30}}]},"12":{"line":179,"type":"binary-expr","locations":[{"start":{"line":179,"column":4},"end":{"line":179,"column":21}},{"start":{"line":179,"column":25},"end":{"line":182,"column":6}}]},"13":{"line":184,"type":"binary-expr","locations":[{"start":{"line":184,"column":4},"end":{"line":184,"column":22}},{"start":{"line":184,"column":26},"end":{"line":187,"column":6}}]},"14":{"line":203,"type":"binary-expr","locations":[{"start":{"line":203,"column":23},"end":{"line":203,"column":40}},{"start":{"line":203,"column":44},"end":{"line":207,"column":6}}]},"15":{"line":207,"type":"binary-expr","locations":[{"start":{"line":207,"column":8},"end":{"line":207,"column":26}},{"start":{"line":207,"column":30},"end":{"line":209,"column":6}}]},"16":{"line":245,"type":"binary-expr","locations":[{"start":{"line":245,"column":55},"end":{"line":245,"column":62}},{"start":{"line":245,"column":66},"end":{"line":245,"column":82}}]},"17":{"line":260,"type":"if","locations":[{"start":{"line":260,"column":4},"end":{"line":260,"column":4}},{"start":{"line":260,"column":4},"end":{"line":260,"column":4}}]},"18":{"line":270,"type":"if","locations":[{"start":{"line":270,"column":8},"end":{"line":270,"column":8}},{"start":{"line":270,"column":8},"end":{"line":270,"column":8}}]},"19":{"line":272,"type":"binary-expr","locations":[{"start":{"line":272,"column":18},"end":{"line":272,"column":45}},{"start":{"line":272,"column":49},"end":{"line":272,"column":52}}]},"20":{"line":274,"type":"if","locations":[{"start":{"line":274,"column":8},"end":{"line":274,"column":8}},{"start":{"line":274,"column":8},"end":{"line":274,"column":8}}]},"21":{"line":276,"type":"if","locations":[{"start":{"line":276,"column":8},"end":{"line":276,"column":8}},{"start":{"line":276,"column":8},"end":{"line":276,"column":8}}]},"22":{"line":283,"type":"if","locations":[{"start":{"line":283,"column":4},"end":{"line":283,"column":4}},{"start":{"line":283,"column":4},"end":{"line":283,"column":4}}]},"23":{"line":285,"type":"if","locations":[{"start":{"line":285,"column":4},"end":{"line":285,"column":4}},{"start":{"line":285,"column":4},"end":{"line":285,"column":4}}]}},"code":["'use strict';","","var DIR = __dirname + '/';","var DIR_ROOT = DIR + '../';","","var cloudfunc = require(DIR + 'cloudfunc');","var auth = require(DIR + 'auth');","var config = require(DIR + 'config');","var modulas = require(DIR + 'modulas');","var rest = require(DIR + 'rest');","var route = require(DIR + 'route');","var validate = require(DIR + 'validate');","var prefixer = require(DIR + 'prefixer');","var pluginer = require(DIR + 'plugins');","var terminal = require(DIR + 'terminal');","","var apart = require('apart');","var join = require('join-io');","var ponse = require('ponse');","var mollify = require('mollify');","var restafary = require('restafary/legacy');","var konsole = require('console-io/legacy');","var edward = require('edward/legacy');","var dword = require('dword/legacy');","var deepword = require('deepword/legacy');","var nomine = require('nomine/legacy');","var spero = require('spero');","var remedy = require('remedy');","var ishtar = require('ishtar');","var salam = require('salam/legacy');","var omnes = require('omnes/legacy');","var criton = require('criton');","","var root = function root() {","    return config('root');","};","","var notEmpty = function notEmpty(a) {","    return a;","};","var clean = function clean(a) {","    return a.filter(notEmpty);","};","","var isDev = process.env.NODE_ENV === 'development';","","function getPrefix(prefix) {","    if (typeof prefix === 'function') return prefix() || '';","","    return prefix || '';","}","","module.exports = function (params) {","    var p = params || {};","    var options = p.config || {};","    var plugins = p.plugins;","    var modules = p.modules;","","    var keys = Object.keys(options);","","    var prefix = void 0;","","    checkPlugins(plugins);","","    keys.forEach(function (name) {","        var value = options[name];","","        switch (name) {","            case 'root':","                validate.root(value);","                break;","            case 'editor':","                validate.editor(value);","                break;","            case 'packer':","                validate.packer(value);","                break;","            case 'password':","                /* could be useful when used as middleware */","                value = criton(value, config('algo'));","                break;","            case 'prefix':","                prefix = prefixer(value);","                break;","        }","","        config(name, value);","    });","","    var console = config('console');","    var configDialog = config('configDialog');","","    config('console', defaultValue(options.console, console));","    config('configDialog', defaultValue(options.configDialog, configDialog));","","    if (p.socket) listen(prefix, p.socket);","","    return cloudcmd(prefix, plugins, modules);","};","","function defaultValue(value, previous) {","    if (typeof value === 'undefined') return previous;","","    return value;","}","","function authCheck(socket, success) {","    if (!config('auth')) return success();","","    socket.on('auth', function (name, pass) {","        var isName = name === config('username');","        var isPass = pass === config('password');","","        if (!isName || !isPass) return socket.emit('reject');","","        success();","        socket.emit('accept');","    });","}","","function listen(prefix, socket) {","    var size = cloudfunc.MAX_SIZE;","","    prefix = getPrefix(prefix);","","    config.listen(socket, authCheck);","","    edward.listen(socket, {","        size: size,","        root: root,","        authCheck: authCheck,","        prefix: prefix + '/edward'","    });","","    dword.listen(socket, {","        size: size,","        root: root,","        authCheck: authCheck,","        prefix: prefix + '/dword'","    });","","    deepword.listen(socket, {","        size: size,","        root: root,","        authCheck: authCheck,","        prefix: prefix + '/deepword'","    });","","    spero.listen(socket, {","        root: root,","        authCheck: authCheck,","        prefix: prefix + '/spero'","    });","","    remedy.listen(socket, {","        root: root,","        authCheck: authCheck,","        prefix: prefix + '/remedy'","    });","","    ishtar.listen(socket, {","        root: root,","        authCheck: authCheck,","        prefix: prefix + '/ishtar'","    });","","    salam.listen(socket, {","        root: root,","        authCheck: authCheck,","        prefix: prefix + '/salam'","    });","","    omnes.listen(socket, {","        root: root,","        authCheck: authCheck,","        prefix: prefix + '/omnes'","    });","","    config('console') && konsole.listen(socket, {","        authCheck: authCheck,","        prefix: prefix + '/console'","    });","","    config('terminal') && terminal.listen(socket, {","        authCheck: authCheck,","        prefix: prefix + '/gritty'","    });","}","","function cloudcmd(prefix, plugins, modules) {","    var isOption = function isOption(name) {","        return config(name);","    };","","    var minify = apart(isOption, 'minify');","    var online = apart(isOption, 'online');","    var cache = apart(isOption, 'cache');","    var diff = apart(isOption, 'diff');","    var zip = apart(isOption, 'zip');","","    var ponseStatic = ponse.static(DIR_ROOT, { cache: cache });","","    var funcs = clean([config('console') && konsole({","        prefix: prefix + '/console',","        minify: minify,","        online: online","    }), config('terminal') && terminal({","        prefix: prefix + '/gritty'","    }), edward({","        prefix: prefix + '/edward',","        minify: minify,","        online: online,","        diff: diff,","        zip: zip","    }), dword({","        prefix: prefix + '/dword',","        minify: minify,","        online: online,","        diff: diff,","        zip: zip","    }), deepword({","        prefix: prefix + '/deepword',","        minify: minify,","        online: online,","        diff: diff,","        zip: zip","    }), spero({","        prefix: prefix + '/spero',","        minify: minify,","        online: online","    }), remedy({","        prefix: prefix + '/remedy',","        minify: minify,","        online: online","    }), ishtar({","        prefix: prefix + '/ishtar',","        minify: minify,","        online: online","    }), salam({","        prefix: prefix + '/salam'","    }), omnes({","        prefix: prefix + '/omnes'","    }), nomine({","        prefix: prefix + '/rename'","    }), setUrl(prefix), logout, auth(), config.middle, modules && modulas(modules), restafary({","        prefix: cloudfunc.apiURL + '/fs',","        root: root","    }), rest, route, join({","        dir: DIR_ROOT,","        minify: minify","    }), mollify({","        dir: DIR_ROOT,","        is: minify","    }), pluginer(plugins), ponseStatic]);","","    return funcs;","}","","function logout(req, res, next) {","    if (req.url !== '/logout') return next();","","    res.sendStatus(401);","}","","function setUrl(pref) {","    return function (req, res, next) {","        var prefix = getPrefix(pref);","        var is = !req.url.indexOf(prefix);","","        if (!is) return next();","","        req.url = req.url.replace(prefix, '') || '/';","","        if (/^\\/cloudcmd\\.js(\\.map)?$/.test(req.url)) req.url = '/dist' + req.url;","","        if (isDev) req.url = req.url.replace(/^\\/dist\\//, '/dist-dev/');","","        next();","    };","}","","function checkPlugins(plugins) {","    if (typeof plugins === 'undefined') return;","","    if (!Array.isArray(plugins)) throw Error('plugins should be an array!');","}"],"l":{"3":1,"4":1,"6":1,"7":1,"8":1,"9":1,"10":1,"11":1,"12":1,"13":1,"14":1,"15":1,"17":1,"18":1,"19":1,"20":1,"21":1,"22":1,"23":1,"24":1,"25":1,"26":1,"27":1,"28":1,"29":1,"30":1,"31":1,"32":1,"34":1,"35":0,"38":1,"39":0,"41":1,"42":0,"45":1,"47":1,"48":0,"50":0,"53":1,"54":0,"55":0,"56":0,"57":0,"59":0,"61":0,"63":0,"65":0,"66":0,"68":0,"70":0,"71":0,"73":0,"74":0,"76":0,"77":0,"80":0,"81":0,"83":0,"84":0,"87":0,"90":0,"91":0,"93":0,"94":0,"96":0,"98":0,"101":1,"102":0,"104":0,"107":1,"108":0,"110":0,"111":0,"112":0,"114":0,"116":0,"117":0,"121":1,"122":0,"124":0,"126":0,"128":0,"135":0,"142":0,"149":0,"155":0,"161":0,"167":0,"173":0,"179":0,"184":0,"190":1,"191":0,"192":0,"195":0,"196":0,"197":0,"198":0,"199":0,"201":0,"203":0,"256":0,"259":1,"260":0,"262":0,"265":1,"266":0,"267":0,"268":0,"270":0,"272":0,"274":0,"276":0,"278":0,"282":1,"283":0,"285":0}},"/home/travis/build/npmtest/node-npmtest-cloudcmd/node_modules/cloudcmd/server_/cloudfunc.js":{"path":"/home/travis/build/npmtest/node-npmtest-cloudcmd/node_modules/cloudcmd/server_/cloudfunc.js","s":{"1":1,"2":0,"3":0,"4":0,"5":0,"6":0,"7":1,"8":1,"9":1,"10":1,"11":1,"12":1,"13":1,"14":1,"15":1,"16":1,"17":1,"18":0,"19":0,"20":0,"21":0,"22":0,"23":1,"24":0,"25":1,"26":0,"27":0,"28":0,"29":0,"30":0,"31":0,"32":0,"33":0,"34":0,"35":0,"36":0,"37":0,"38":0,"39":0,"40":0,"41":0,"42":0,"43":1,"44":0,"45":0,"46":0,"47":0,"48":0,"49":0,"50":0,"51":0,"52":0,"53":0,"54":0,"55":0,"56":0,"57":0,"58":0,"59":0,"60":0,"61":0,"62":0,"63":0,"64":0,"65":0,"66":0,"67":0,"68":0,"69":0,"70":0,"71":0,"72":0,"73":0,"74":0,"75":0,"76":0,"77":0,"78":0,"79":0,"80":0,"81":0,"82":0,"83":0,"84":0,"85":0,"86":0,"87":0,"88":0,"89":0,"90":1,"91":0,"92":0,"93":0,"94":1,"95":0,"96":0,"97":0,"98":1,"99":0,"100":0,"101":0,"102":1,"103":1,"104":1,"105":1,"106":1,"107":1},"b":{"1":[0,0],"2":[0,0],"3":[0,0],"4":[0,0],"5":[0,0],"6":[0,0],"7":[0,0],"8":[0,0],"9":[0,0],"10":[0,0],"11":[0,0],"12":[0,0],"13":[0,0],"14":[0,0],"15":[0,0],"16":[0,0],"17":[0,0],"18":[0,0],"19":[0,0],"20":[0,0],"21":[0,0],"22":[0,0],"23":[0,0],"24":[0,0],"25":[0,0],"26":[1,0]},"f":{"1":0,"2":0,"3":0,"4":0,"5":0,"6":0,"7":0,"8":0,"9":0,"10":0,"11":1,"12":1},"fnMap":{"1":{"name":"_toConsumableArray","line":3,"loc":{"start":{"line":3,"column":0},"end":{"line":3,"column":33}}},"2":{"name":"(anonymous_2)","line":23,"loc":{"start":{"line":23,"column":27},"end":{"line":23,"column":48}}},"3":{"name":"(anonymous_3)","line":35,"loc":{"start":{"line":35,"column":26},"end":{"line":35,"column":42}}},"4":{"name":"getPathLink","line":43,"loc":{"start":{"line":43,"column":0},"end":{"line":43,"column":44}}},"5":{"name":"(anonymous_5)","line":55,"loc":{"start":{"line":55,"column":32},"end":{"line":55,"column":55}}},"6":{"name":"(anonymous_6)","line":80,"loc":{"start":{"line":80,"column":31},"end":{"line":80,"column":49}}},"7":{"name":"(anonymous_7)","line":162,"loc":{"start":{"line":162,"column":27},"end":{"line":162,"column":43}}},"8":{"name":"getType","line":200,"loc":{"start":{"line":200,"column":0},"end":{"line":200,"column":23}}},"9":{"name":"getAttribute","line":206,"loc":{"start":{"line":206,"column":0},"end":{"line":206,"column":28}}},"10":{"name":"getSize","line":212,"loc":{"start":{"line":212,"column":0},"end":{"line":212,"column":23}}},"11":{"name":"store","line":218,"loc":{"start":{"line":218,"column":0},"end":{"line":218,"column":17}}},"12":{"name":"(anonymous_12)","line":220,"loc":{"start":{"line":220,"column":11},"end":{"line":220,"column":28}}}},"statementMap":{"1":{"start":{"line":3,"column":0},"end":{"line":3,"column":195}},"2":{"start":{"line":3,"column":35},"end":{"line":3,"column":193}},"3":{"start":{"line":3,"column":61},"end":{"line":3,"column":145}},"4":{"start":{"line":3,"column":126},"end":{"line":3,"column":143}},"5":{"start":{"line":3,"column":146},"end":{"line":3,"column":158}},"6":{"start":{"line":3,"column":168},"end":{"line":3,"column":191}},"7":{"start":{"line":5,"column":0},"end":{"line":5,"column":29}},"8":{"start":{"line":6,"column":0},"end":{"line":6,"column":33}},"9":{"start":{"line":11,"column":0},"end":{"line":11,"column":29}},"10":{"start":{"line":12,"column":0},"end":{"line":12,"column":15}},"11":{"start":{"line":14,"column":0},"end":{"line":14,"column":19}},"12":{"start":{"line":16,"column":0},"end":{"line":16,"column":10}},"13":{"start":{"line":18,"column":0},"end":{"line":18,"column":23}},"14":{"start":{"line":19,"column":0},"end":{"line":19,"column":34}},"15":{"start":{"line":20,"column":0},"end":{"line":20,"column":42}},"16":{"start":{"line":21,"column":0},"end":{"line":21,"column":31}},"17":{"start":{"line":23,"column":0},"end":{"line":29,"column":2}},"18":{"start":{"line":24,"column":4},"end":{"line":24,"column":90}},"19":{"start":{"line":26,"column":4},"end":{"line":26,"column":55}},"20":{"start":{"line":26,"column":14},"end":{"line":26,"column":40}},"21":{"start":{"line":26,"column":45},"end":{"line":26,"column":55}},"22":{"start":{"line":28,"column":4},"end":{"line":28,"column":38}},"23":{"start":{"line":35,"column":0},"end":{"line":37,"column":2}},"24":{"start":{"line":36,"column":4},"end":{"line":36,"column":43}},"25":{"start":{"line":43,"column":0},"end":{"line":73,"column":1}},"26":{"start":{"line":44,"column":4},"end":{"line":44,"column":53}},"27":{"start":{"line":44,"column":14},"end":{"line":44,"column":53}},"28":{"start":{"line":46,"column":4},"end":{"line":46,"column":63}},"29":{"start":{"line":46,"column":19},"end":{"line":46,"column":63}},"30":{"start":{"line":48,"column":4},"end":{"line":48,"column":44}},"31":{"start":{"line":50,"column":4},"end":{"line":50,"column":59}},"32":{
[...]
,"end":{"line":86,"column":46}},"41":{"start":{"line":89,"column":4},"end":{"line":91,"column":6}},"42":{"start":{"line":90,"column":8},"end":{"line":90,"column":57}},"43":{"start":{"line":93,"column":4},"end":{"line":99,"column":6}},"44":{"start":{"line":94,"column":8},"end":{"line":98,"column":9}},"45":{"start":{"line":95,"column":12},"end":{"line":97,"column":13}},"46":{"start":{"line":96,"column":16},"end":{"line":96,"column":26}},"47":{"start":{"line":101,"column":4},"end":{"line":101,"column":72}},"48":{"start":{"line":103,"column":4},"end":{"line":103,"column":19}},"49":{"start":{"line":106,"column":0},"end":{"line":154,"column":1}},"50":{"start":{"line":107,"column":4},"end":{"line":115,"column":6}},"51":{"start":{"line":117,"column":4},"end":{"line":117,"column":34}},"52":{"start":{"line":118,"column":4},"end":{"line":118,"column":28}},"53":{"start":{"line":120,"column":4},"end":{"line":120,"column":47}},"54":{"start":{"line":121,"column":4},"end":{"line":122,"column":26}},"55":{"start":{"line":124,"column":4},"end":{"line":151,"column":5}},"56":{"start":{"line":126,"column":8},"end":{"line":126,"column":44}},"57":{"start":{"line":127,"column":8},"end":{"line":127,"column":31}},"58":{"start":{"line":128,"column":8},"end":{"line":128,"column":14}},"59":{"start":{"line":131,"column":8},"end":{"line":131,"column":17}},"60":{"start":{"line":132,"column":8},"end":{"line":132,"column":17}},"61":{"start":{"line":133,"column":8},"end":{"line":133,"column":14}},"62":{"start":{"line":136,"column":8},"end":{"line":137,"column":31}},"63":{"start":{"line":137,"column":12},"end":{"line":137,"column":31}},"64":{"start":{"line":139,"column":8},"end":{"line":139,"column":27}},"65":{"start":{"line":140,"column":8},"end":{"line":140,"column":31}},"66":{"start":{"line":141,"column":8},"end":{"line":141,"column":14}},"67":{"start":{"line":144,"column":8},"end":{"line":148,"column":11}},"68":{"start":{"line":145,"column":12},"end":{"line":145,"column":55}},"69":{"start":{"line":147,"column":12},"end":{"line":147,"column":45}},"70":{"start":{"line":150,"column":8},"end":{"line":150,"column":14}},"71":{"start":{"line":153,"column":4},"end":{"line":153,"column":28}},"72":{"start":{"line":156,"column":0},"end":{"line":160,"column":1}},"73":{"start":{"line":157,"column":4},"end":{"line":159,"column":28}},"74":{"start":{"line":162,"column":0},"end":{"line":182,"column":1}},"75":{"start":{"line":163,"column":4},"end":{"line":163,"column":42}},"76":{"start":{"line":164,"column":4},"end":{"line":164,"column":43}},"77":{"start":{"line":165,"column":4},"end":{"line":165,"column":50}},"78":{"start":{"line":166,"column":4},"end":{"line":166,"column":35}},"79":{"start":{"line":167,"column":4},"end":{"line":172,"column":6}},"80":{"start":{"line":168,"column":8},"end":{"line":169,"column":24}},"81":{"start":{"line":169,"column":12},"end":{"line":169,"column":24}},"82":{"start":{"line":171,"column":8},"end":{"line":171,"column":24}},"83":{"start":{"line":174,"column":4},"end":{"line":175,"column":15}},"84":{"start":{"line":175,"column":8},"end":{"line":175,"column":15}},"85":{"start":{"line":177,"column":4},"end":{"line":177,"column":37}},"86":{"start":{"line":179,"column":4},"end":{"line":181,"column":7}},"87":{"start":{"line":180,"column":8},"end":{"line":180,"column":19}},"88":{"start":{"line":184,"column":0},"end":{"line":190,"column":2}},"89":{"start":{"line":185,"column":4},"end":{"line":186,"column":17}},"90":{"start":{"line":186,"column":8},"end":{"line":186,"column":17}},"91":{"start":{"line":188,"column":4},"end":{"line":189,"column":25}},"92":{"start":{"line":189,"column":8},"end":{"line":189,"column":25}},"93":{"start":{"line":192,"column":0},"end":{"line":205,"column":1}},"94":{"start":{"line":193,"column":4},"end":{"line":193,"column":42}},"95":{"start":{"line":194,"column":4},"end":{"line":194,"column":43}},"96":{"start":{"line":195,"column":4},"end":{"line":195,"column":35}},"97":{"start":{"line":197,"column":4},"end":{"line":197,"column":50}},"98":{"start":{"line":198,"column":4},"end":{"line":198,"column":47}},"99":{"start":{"line":200,"column":4},"end":{"line":200,"column":30}},"100":{"start":{"line":202,"column":4},"end":{"line":204,"column":6}},"101":{"start":{"line":203,"column":8},"end":{"line":203,"column":18}},"102":{"start":{"line":207,"column":0},"end":{"line":223,"column":1}},"103":{"start":{"line":208,"column":4},"end":{"line":210,"column":28}},"104":{"start":{"line":212,"column":4},"end":{"line":216,"column":5}},"105":{"start":{"line":213,"column":8},"end":{"line":213,"column":17}},"106":{"start":{"line":214,"column":8},"end":{"line":214,"column":17}},"107":{"start":{"line":215,"column":8},"end":{"line":215,"column":15}},"108":{"start":{"line":218,"column":4},"end":{"line":219,"column":47}},"109":{"start":{"line":219,"column":31},"end":{"line":219,"column":39}},"110":{"start":{"line":221,"column":4},"end":{"line":221,"column":14}},"111":{"start":{"line":222,"column":4},"end":{"line":222,"column":13}},"112":{"start":{"line":225,"column":0},"end":{"line":232,"column":1}},"113":{"start":{"line":226,"column":4},"end":{"line":226,"column":30}},"114":{"start":{"line":226,"column":28},"end":{"line":226,"column":29}},"115":{"start":{"line":227,"column":4},"end":{"line":229,"column":23}},"116":{"start":{"line":228,"column":8},"end":{"line":228,"column":59}},"117":{"start":{"line":231,"column":4},"end":{"line":231,"column":20}},"118":{"start":{"line":234,"column":0},"end":{"line":239,"column":1}},"119":{"start":{"line":235,"column":4},"end":{"line":238,"column":10}},"120":{"start":{"line":237,"column":12},"end":{"line":237,"column":42}},"121":{"start":{"line":241,"column":0},"end":{"line":245,"column":1}},"122":{"start":{"line":242,"column":5},"end":{"line":242,"column":45}},"123":{"start":{"line":244,"column":5},"end":{"line":244,"column":38}},"124":{"start":{"line":247,"column":0},"end":{"line":249,"column":1}},"125":{"start":{"line":248,"column":4},"end":{"line":248,"column":29}},"126":{"start":{"line":248,"column":17},"end":{"line":248,"column":28}}},"branchMap":{"1":{"line":48,"type":"if","locations":[{"start":{"line":48,"column":8},"end":{"line":48,"column":8}},{"start":{"line":48,"column":8},"end":{"line":48,"column":8}}]},"2":{"line":67,"type":"binary-expr","locations":[{"start":{"line":67,"column":25},"end":{"line":67,"column":32}},{"start":{"line":67,"column":36},"end":{"line":67,"column":51}}]},"3":{"line":71,"type":"cond-expr","locations":[{"start":{"line":71,"column":26},"end":{"line":71,"column":31}},{"start":{"line":71,"column":34},"end":{"line":71,"column":40}}]},"4":{"line":124,"type":"switch","locations":[{"start":{"line":125,"column":4},"end":{"line":128,"column":14}},{"start":{"line":130,"column":4},"end":{"line":133,"column":14}},{"start":{"line":135,"column":4},"end":{"line":141,"column":14}},{"start":{"line":143,"column":4},"end":{"line":150,"column":14}}]},"5":{"line":136,"type":"if","locations":[{"start":{"line":136,"column":8},"end":{"line":136,"column":8}},{"start":{"line":136,"column":8},"end":{"line":136,"column":8}}]},"6":{"line":168,"type":"if","locations":[{"start":{"line":168,"column":8},"end":{"line":168,"column":8}},{"start":{"line":168,"column":8},"end":{"line":168,"column":8}}]},"7":{"line":174,"type":"if","locations":[{"start":{"line":174,"column":4},"end":{"line":174,"column":4}},{"start":{"line":174,"column":4},"end":{"line":174,"column":4}}]},"8":{"line":174,"type":"binary-expr","locations":[{"start":{"line":174,"column":8},"end":{"line":174,"column":30}},{"start":{"line":174,"column":34},"end":{"line":174,"column":40}},{"start":{"line":174,"column":44},"end":{"line":174,"column":53}}]},"9":{"line":185,"type":"if","locations":[{"start":{"line":185,"column":4},"end":{"line":185,"column":4}},{"start":{"line":185,"column":4},"end":{"line":185,"column":4}}]},"10":{"line":188,"type":"if","locations":[{"start":{"line":188,"column":4},"end":{"line":188,"column":4}},{"start":{"line":188,"column":4},"end":{"line":188,"column":4}}]},"11":{"line":212,"type":"if","locations":[{"start":{"line":212,"column":4},"end":{"line":212,"column":4}},{"start":{"line":212,"column":4},"end":{"line":212,"column":4}}]}},"code":["'use strict';","","const currify = require('currify/legacy');","const keyDown = currify(keyDown_);","","const remove = bind(removeEl, '.smalltalk');","","const BUTTON_OK = ['OK'];","const BUTTON_OK_CANCEL = ['OK', 'Cancel'];","","exports.alert = (title, msg) => {","    return showDialog(title, msg, '', BUTTON_OK, {cancel: false});","};","","exports.prompt = (title, msg, value = '', options) => {","    const val = value.replace(/\\\"/g, '&quot;');","    const valueStr = `<input type=\"text\" value=\"${ val }\" data-name=\"js-input\">`;","    ","    return showDialog(title, msg, valueStr, BUTTON_OK_CANCEL, options);","};","","exports.confirm = (title, msg, options) => {","    return showDialog(title, msg, '', BUTTON_OK_CANCEL, options);","};","","function getTemplate(title, msg, value, buttons) {","    return `<div class=\"page\">","        <div data-name=\"js-close\" class=\"close-button\"></div>","        <header>${ title }</header>","        <div class=\"content-area\">","            ${ msg }","            ${ value }","        </div>","        <div class=\"action-area\">","            <div class=\"button-strip\"> ${","                buttons.map((name, i) =>","                    `<button tabindex=${ i } data-name=\"js-${ name.toLowerCase() }\">${ name }</button>`","                ).join('')","            }","            </div>","        </div>","    </div>`;","}","","const store = () => {","    let a;","    return (...b) => {","        if (b.length)","            a = b.pop();","        ","        return a;","    };","};","","function showDialog(title, msg, value, buttons, options) {","    const ok = store();","    const cancel = store();","    ","    const dialog = document.createElement('div');","    const closeButtons = [","        'cancel',","        'close',","        'ok'","    ];","    ","    const promise = new Promise((resolve, reject) => {","        const noCancel = options && !options.cancel;","        const empty = () => {};","        ","        ok(resolve);","        cancel(noCancel ? empty : reject);","    });","    ","    const tmpl = getTemplate(title, msg, value, buttons);","    ","    dialog.innerHTML = tmpl;","    dialog.className = 'smalltalk';","    ","    document.body.appendChild(dialog);","    ","    find(dialog, ['ok', 'input']).forEach((el) =>","        el.focus()","    );","    ","    find(dialog, ['input']).forEach((el) => {","        el.setSelectionRange(0, value.length);","    });","    ","    addListenerAll('click', dialog, closeButtons, (event) =>","        closeDialog(event.target, dialog, ok(), cancel())","    );","    ","    ['click', 'contextmenu'].forEach((event) =>","        dialog.addEventListener(event, () =>","            find(dialog, ['ok', 'input']).forEach((el) =>","                el.focus()","            )","        )","    );","    ","    dialog.addEventListener('keydown', keyDown(dialog, ok(), cancel()));","    ","    return promise;","}","","function keyDown_(dialog, ok, cancel, event) {","    const KEY   = {","        ENTER : 13,","        ESC   : 27,","        TAB   : 9,","        LEFT  : 37,","        UP    : 38,","        RIGHT : 39,","        DOWN  : 40","    };","    ","    const keyCode = event.keyCode;","    const el = event.target;","    ","    const namesAll = ['ok', 'cancel', 'input'];","    const names = find(dialog, namesAll)","        .map(getDataName);","    ","    switch(keyCode) {","    case KEY.ENTER:","        closeDialog(el, dialog, ok, cancel);","        event.preventDefault();","        break;","    ","    case KEY.ESC:","        remove();","        cancel();","        break;","    ","    case KEY.TAB:","        if (event.shiftKey)","            tab(dialog, names);","        ","        tab(dialog, names);","        event.preventDefault();","        break;","    ","    default:","        ['left', 'right', 'up', 'down'].filter((name) => {","            return keyCode === KEY[name.toUpperCase()];","        }).forEach(() => {","            changeButtonFocus(dialog, names);","        });","        ","        break;","    }","    ","    event.stopPropagation();","}","","function getDataName(el) {","    return el","        .getAttribute('data-name')","        .replace('js-', '');","}","","function changeButtonFocus(dialog, names) {","    const active = document.activeElement;","    const activeName = getDataName(active);","    const isButton = /ok|cancel/.test(activeName);","    const count = names.length - 1;","    const getName = (activeName) => {","        if (activeName === 'cancel')","            return 'ok';","        ","        return 'cancel';","    };","    ","    if (activeName === 'input' || !count || !isButton)","        return;","    ","    const name = getName(activeName);","    ","    find(dialog, [name]).forEach((el) => {","        el.focus();","    });","}","","const getIndex = (count, index) => {","    if (index === count)","        return 0;","    ","    if (index < count)","        return index + 1;","};","","function tab(dialog, names) {","    const active = document.activeElement;","    const activeName = getDataName(active);","    const count = names.length - 1;","    ","    const activeIndex = names.indexOf(activeName);","    const index = getIndex(count, activeIndex);","    ","    const name = names[index];","    ","    find(dialog, [name]).forEach((el) =>","        el.focus()","    );","}","","function closeDialog(el, dialog, ok, cancel) {","    const name = el","        .getAttribute('data-name')","        .replace('js-', '');","    ","    if (/close|cancel/.test(name)) {","        cancel();","        remove();","        return;","    }","    ","    const value = find(dialog, ['input'])","        .reduce((value, el) => el.value, null);","    ","    ok(value);","    remove();","}","","function find(element, names) {","    const notEmpty = (a) => a;","    const elements = names.map((name) =>","        element.querySelector(`[data-name=\"js-${ name }\"]`)","    ).filter(notEmpty);","    ","    return elements;","}","","function addListenerAll(event, parent, elements, fn) {","    find(parent, elements)","        .forEach((el) =>","            el.addEventListener(event, fn)","        );","}","","function removeEl(name) {","     const el = document.querySelector(name);","     ","     el.parentElement.removeChild(el);","}","","function bind(fn, ...args) {","    return () => fn(...args);","}","",""],"l":{"3":1,"4":1,"6":1,"8":1,"9":1,"11":1,"12":0,"15":1,"16":0,"17":0,"19":0,"22":1,"23":0,"26":1,"27":0,"37":0,"45":1,"46":0,"47":0,"48":0,"49":0,"51":0,"55":1,"56":0,"57":0,"59":0,"60":0,"66":0,"67":0,"68":0,"70":0,"71":0,"74":0,"76":0,"77":0,"79":0,"81":0,"82":0,"85":0,"86":0,"89":0,"90":0,"93":0,"94":0,"95":0,"96":0,"101":0,"103":0,"106":1,"107":0,"117":0,"118":0,"120":0,"121":0,"124":0,"126":0,"127":0,"128":0,"131":0,"132":0,"133":0,"136":0,"137":0,"139":0,"140":0,"141":0,"144":0,"145":0,"147":0,"150":0,"153":0,"156":1,"157":0,"162":1,"163":0,"164":0,"165":0,"166":0,"167":0,"168":0,"169":0,"171":0,"174":0,"175":0,"177":0,"179":0,"180":0,"184":1,"185":0,"186":0,"188":0,"189":0,"192":1,"193":0,"194":0,"195":0,"197":0,"198":0,"200":0,"202":0,"203":0,"207":1,"208":0,"212":0,"213":0,"214":0,"215":0,"218":0,"219":0,"221":0,"222":0,"225":1,"226":0,"227":0,"228":0,"231":0,"234":1,"235":0,"237":0,"241":1,"242":0,"244":0,"247":1,"248":1}},"/home/travis/build/npmtest/node-npmtest-cloudcmd/node_modules/cloudcmd/modules/smalltalk/lib/smalltalk.native.js":{"path":"/home/travis/build/npmtest/node-npmtest-cloudcmd/node_modules/cloudcmd/modules/smalltalk/lib/smalltalk.native.js","s":{"1":1,"2":0,"3":0,"4":0,"5":0,"6":1,"7":0,"8":0,"9":0,"10":0,"11":0,"12":0,"13":0,"14":1,"15":0,"16":0,"17":0,"18":0,"19":0,"20":0},"b":{"1":[0,0],"2":[0,0],"3":[0,0],"4":[0,0],"5":[0,0],"6":[0,0]},"f":{"1":0,"2":0,"3":0},"fnMap":{"1":{"name":"(anonymous_1)","line":4,"loc":{"start":{"line":4,"column":32},"end":{"line":4,"column":50}}},"2":{"name":"(anonymous_2)","line":14,"loc":{"start":{"line":14,"column":30},"end":{"line":14,"column":56}}},"3":{"name":"(anonymous_3)","line":30,"loc":{"start":{"line":30,"column":34},"end":{"line":30,"column":60}}}},"statementMap":{"1":{"start":{"line":3,"column":0},"end":{"line":10,"column":2}},"2":{"start":{"line":4,"column":4},"end":{"line":7,"column":7}},"3":{"start":{"line":5,"column":8},"end":{"line":5,"column":23}},"4":{"start":{"line":6,"column":8},"end":{"line":6,"column":18}},"5":{"start":{"line":9,"column":4},"end":{"line":9,"column":19}},"6":{"start":{"line":12,"column":0},"end":{"line":25,"column":2}},"7":{"start":{"line":13,"column":4},"end":{"line":22,"column":11}},"8":{"start":{"line":15,"column":12},"end":{"line":16,"column":49}},"9":{"start":{"line":18,"column":12},"end":{"line":21,"column":25}},"10":{"start":{"line":19,"column":16},"end":{"line":19,"column":32}},"11":{"start":{"line":20,"column":17},"end":{"line":21,"column":25}},"12":{"start":{"line":21,"column":16},"end":{"line":21,"column":25}},"13":{"start":{"line":24,"column":4},"end":{"line":24,"column":19}},"14":{"start":{"line":27,"column":0},"end":{"line":40,"column":2}},"15":{"start":{"line":28,"column":4},"end":{"line":37,"column":11}},"16":{"start":{"line":31,"column":12},"end":{"line":31,"column":40}},"17":{"start":{"line":33,"column":12},"end":{"line":36,"column":25}},"18":{"start":{"line":34,"column":16},"end":{"line":34,"column":26}},"19":{"start":{"line":36,"column":16},"end":{"line":36,"column":25}},"20":{"start":{"line":39,"column":4},"end":{"line":39,"column":19}}},"branchMap":{"1":{"line":15,"type":"binary-expr","locations":[{"start":{"line":15,"column":29},"end":{"line":15,"column":30}},{"start":{"line":15,"column":34},"end":{"line":15,"column":43}}]},"2":{"line":18,"type":"if","locations":[{"start":{"line":18,"column":12},"end":{"line":18,"column":12}},{"start":{"line":18,"column":12},"end":{"line":18,"column":12}}]},"3":{"line":20,"type":"if","locations":[{"start":{"line":20,"column":17},"end":{"line":20,"column":17}},{"start":{"line":20,"column":17},"end":{"line":20,"column":17}}]},"4":{"line":29,"type":"binary-expr","locations":[{"start":{"line":29,"column":22},"end":{"line":29,"column":23}},{"start":{"line":29,"column":27},"end":{"line":29,"column":36}}]},"5":{"line":33,"type":"if","locations":[{"start":{"line":33,"column":12},"end":{"line":33,"column":12}},{"start":{"line":33,"column":12},"end":{"line":33,"column":12}}]},"6":{"line":33,"type":"binary-expr","locations":[{"start":{"line":33,"column":16},"end":{"line":33,"column":18}},{"start":{"line":33,"column":22},"end":{"line":33,"column":30}}]}},"code":["'use strict';","","exports.alert          = (title, message) => {","    const promise = new Promise(function(resolve) {","        alert(message);","        resolve();","    });","    ","    return promise;","};","","exports.prompt         = (title, message, value, options) => {","    const o     = options,","        promise = new Promise(function(resolve, reject) {","            const noCancel = o && !o.cancel,","                result  = prompt(message, value);","            ","            if (result !== null)","                resolve(result);","            else if (!noCancel)","                reject();","        });","    ","    return promise;","};","","exports.confirm         = (title, message, options) => {","    const o         = options,","        noCancel    = o && !o.cancel,","        promise     = new Promise(function(resolve, reject) {","            const is = confirm(message);","            ","            if (is || noCancel)","                resolve();","            else","                reject();","        });","    ","    return promise;","};","",""],"l":{"3":1,"4":0,"5":0,"6":0,"9":0,"12":1,"13":0,"15":0,"18":0,"19":0,"20":0,"21":0,"24":0,"27":1,"28":0,"31":0,"33":0,"34":0,"36":0,"39":0}}}